#
# There is insufficient memory for the Java Runtime Environment to continue.
# Native memory allocation (malloc) failed to allocate 98752 bytes. Error detail: Chunk::new
# Possible reasons:
#   The system is out of physical RAM or swap space
#   This process is running with CompressedOops enabled, and the Java Heap may be blocking the growth of the native heap
# Possible solutions:
#   Reduce memory load on the system
#   Increase physical memory or swap space
#   Check if swap backing store is full
#   Decrease Java heap size (-Xmx/-Xms)
#   Decrease number of Java threads
#   Decrease Java thread stack sizes (-Xss)
#   Set larger code cache with -XX:ReservedCodeCacheSize=
#   JVM is running with Unscaled Compressed Oops mode in which the Java heap is
#     placed in the first 4GB address space. The Java Heap base address is the
#     maximum limit for the native heap growth. Please use -XX:HeapBaseMinAddress
#     to set the Java Heap base and to place the Java Heap above 4GB virtual address.
# This output file may be truncated or incomplete.
#
#  Out of Memory Error (arena.cpp:149), pid=16432, tid=10784
#
# JRE version: Java(TM) SE Runtime Environment (23.0.1+11) (build 23.0.1+11-39)
# Java VM: Java HotSpot(TM) 64-Bit Server VM (23.0.1+11-39, mixed mode, sharing, tiered, compressed oops, compressed class ptrs, g1 gc, windows-amd64)
# No core dump will be written. Minidumps are not enabled by default on client versions of Windows
#

---------------  S U M M A R Y ------------

Command Line: --add-opens=java.base/java.util=ALL-UNNAMED --add-opens=java.base/java.lang=ALL-UNNAMED --add-opens=java.base/java.lang.invoke=ALL-UNNAMED --add-opens=java.prefs/java.util.prefs=ALL-UNNAMED --add-exports=jdk.compiler/com.sun.tools.javac.api=ALL-UNNAMED --add-exports=jdk.compiler/com.sun.tools.javac.util=ALL-UNNAMED --add-opens=java.base/java.nio.charset=ALL-UNNAMED --add-opens=java.base/java.net=ALL-UNNAMED --add-opens=java.base/java.util.concurrent.atomic=ALL-UNNAMED -XX:MaxMetaspaceSize=384m -XX:+HeapDumpOnOutOfMemoryError -Xms256m -Xmx512m -Dfile.encoding=UTF-8 -Duser.country=RU -Duser.language=ru -Duser.variant -javaagent:C:\Users\79961\.gradle\wrapper\dists\gradle-8.10-bin\deqhafrv1ntovfmgh0nh3npr9\gradle-8.10\lib\agents\gradle-instrumentation-agent-8.10.jar org.gradle.launcher.daemon.bootstrap.GradleDaemon 8.10

Host: Intel(R) Pentium(R) Gold 7505 @ 2.00GHz, 4 cores, 7G,  Windows 10 , 64 bit Build 19041 (10.0.19041.5678)
Time: Fri May  2 00:12:04 2025 RTZ 2 (s 10 , 64 bit Build 19041 (10.0.19041.5678) elapsed time: 3863.714267 seconds (0d 1h 4m 23s)

---------------  T H R E A D  ---------------

Current thread (0x00000154b1f00490):  JavaThread "C2 CompilerThread0" daemon [_thread_in_native, id=10784, stack(0x0000005201500000,0x0000005201600000) (1024K)]


Current CompileTask:
C2:3863714 15992       4       org.codehaus.groovy.reflection.ReflectionCache::getCachedClass (14 bytes)

Stack: [0x0000005201500000,0x0000005201600000]
Native frames: (J=compiled Java code, j=interpreted, Vv=VM code, C=native code)
V  [jvm.dll+0x6e08b9]  (no source info available)
V  [jvm.dll+0x87dc83]  (no source info available)
V  [jvm.dll+0x88010e]  (no source info available)
V  [jvm.dll+0x8807e3]  (no source info available)
V  [jvm.dll+0x27aee6]  (no source info available)
V  [jvm.dll+0xbc06f]  (no source info available)
V  [jvm.dll+0xbc2cb]  (no source info available)
V  [jvm.dll+0x3b3a9c]  (no source info available)
V  [jvm.dll+0x38a42b]  (no source info available)
V  [jvm.dll+0x38989a]  (no source info available)
V  [jvm.dll+0x244aa1]  (no source info available)
V  [jvm.dll+0x243dff]  (no source info available)
V  [jvm.dll+0x1c33a0]  (no source info available)
V  [jvm.dll+0x253cf1]  (no source info available)
V  [jvm.dll+0x251faa]  (no source info available)
V  [jvm.dll+0x3ee036]  (no source info available)
V  [jvm.dll+0x824f8b]  (no source info available)
V  [jvm.dll+0x6df065]  (no source info available)
C  [ucrtbase.dll+0x21bb2]  (no source info available)
C  [KERNEL32.DLL+0x17374]  (no source info available)
C  [ntdll.dll+0x4cc91]  (no source info available)

Lock stack of current Java thread (top to bottom):


---------------  P R O C E S S  ---------------

Threads class SMR info:
_java_thread_list=0x00000154cc003860, length=35, elements={
0x00000154954a3c40, 0x00000154b1ef8880, 0x00000154b1ef9950, 0x00000154b1efd630,
0x00000154b1efe090, 0x00000154b1efeaf0, 0x00000154b1eff550, 0x00000154b1f00490,
0x00000154cb0406c0, 0x00000154cb0683f0, 0x00000154cb229ed0, 0x00000154ccbfa2f0,
0x00000154ccc7b750, 0x00000154ccad3ab0, 0x00000154ccc91c80, 0x00000154ccc95100,
0x00000154ccc936c0, 0x00000154ccc93d50, 0x00000154ccc98c10, 0x00000154ccc992a0,
0x00000154cb50f4e0, 0x00000154cb50d410, 0x00000154cb510f20, 0x00000154cb512ff0,
0x00000154ce3287a0, 0x00000154ce32c940, 0x00000154cf999470, 0x00000154cf996d10,
0x00000154cf999b00, 0x00000154cf99b540, 0x00000154cf99aeb0, 0x00000154ce140d30,
0x00000154ce140010, 0x00000154ce143b20, 0x00000154ce141a50
}

Java Threads: ( => current thread )
  0x00000154954a3c40 JavaThread "main"                              [_thread_blocked, id=16900, stack(0x0000005200700000,0x0000005200800000) (1024K)]
  0x00000154b1ef8880 JavaThread "Reference Handler"          daemon [_thread_blocked, id=19620, stack(0x0000005200f00000,0x0000005201000000) (1024K)]
  0x00000154b1ef9950 JavaThread "Finalizer"                  daemon [_thread_blocked, id=21060, stack(0x0000005201000000,0x0000005201100000) (1024K)]
  0x00000154b1efd630 JavaThread "Signal Dispatcher"          daemon [_thread_blocked, id=21180, stack(0x0000005201100000,0x0000005201200000) (1024K)]
  0x00000154b1efe090 JavaThread "Attach Listener"            daemon [_thread_blocked, id=21080, stack(0x0000005201200000,0x0000005201300000) (1024K)]
  0x00000154b1efeaf0 JavaThread "Service Thread"             daemon [_thread_blocked, id=19340, stack(0x0000005201300000,0x0000005201400000) (1024K)]
  0x00000154b1eff550 JavaThread "Monitor Deflation Thread"   daemon [_thread_blocked, id=20852, stack(0x0000005201400000,0x0000005201500000) (1024K)]
=>0x00000154b1f00490 JavaThread "C2 CompilerThread0"         daemon [_thread_in_native, id=10784, stack(0x0000005201500000,0x0000005201600000) (1024K)]
  0x00000154cb0406c0 JavaThread "C1 CompilerThread0"         daemon [_thread_blocked, id=20196, stack(0x0000005201600000,0x0000005201700000) (1024K)]
  0x00000154cb0683f0 JavaThread "Common-Cleaner"             daemon [_thread_blocked, id=12396, stack(0x0000005201700000,0x0000005201800000) (1024K)]
  0x00000154cb229ed0 JavaThread "Notification Thread"        daemon [_thread_blocked, id=18372, stack(0x0000005201800000,0x0000005201900000) (1024K)]
  0x00000154ccbfa2f0 JavaThread "Daemon health stats"               [_thread_blocked, id=3528, stack(0x0000005201c00000,0x0000005201d00000) (1024K)]
  0x00000154ccc7b750 JavaThread "Incoming local TCP Connector on port 60247"        [_thread_in_native, id=12856, stack(0x0000005201d00000,0x0000005201e00000) (1024K)]
  0x00000154ccad3ab0 JavaThread "Daemon periodic checks"            [_thread_blocked, id=19944, stack(0x0000005201e00000,0x0000005201f00000) (1024K)]
  0x00000154ccc91c80 JavaThread "Cache worker for journal cache (C:\Users\79961\.gradle\caches\journal-1)"        [_thread_blocked, id=20304, stack(0x0000005202600000,0x0000005202700000) (1024K)]
  0x00000154ccc95100 JavaThread "File lock request listener"        [_thread_in_native, id=12656, stack(0x0000005202700000,0x0000005202800000) (1024K)]
  0x00000154ccc936c0 JavaThread "Cache worker for file hash cache (C:\Users\79961\.gradle\caches\8.10\fileHashes)"        [_thread_blocked, id=17748, stack(0x0000005202800000,0x0000005202900000) (1024K)]
  0x00000154ccc93d50 JavaThread "File watcher server"        daemon [_thread_in_native, id=11680, stack(0x0000005202b00000,0x0000005202c00000) (1024K)]
  0x00000154ccc98c10 JavaThread "File watcher consumer"      daemon [_thread_blocked, id=15612, stack(0x0000005202c00000,0x0000005202d00000) (1024K)]
  0x00000154ccc992a0 JavaThread "Cache worker for file content cache (C:\Users\79961\.gradle\caches\8.10\fileContent)"        [_thread_blocked, id=20952, stack(0x0000005202f00000,0x0000005203000000) (1024K)]
  0x00000154cb50f4e0 JavaThread "jar transforms"                    [_thread_blocked, id=20652, stack(0x0000005203200000,0x0000005203300000) (1024K)]
  0x00000154cb50d410 JavaThread "jar transforms Thread 2"           [_thread_blocked, id=12180, stack(0x0000005203300000,0x0000005203400000) (1024K)]
  0x00000154cb510f20 JavaThread "jar transforms Thread 3"           [_thread_blocked, id=15472, stack(0x0000005203400000,0x0000005203500000) (1024K)]
  0x00000154cb512ff0 JavaThread "jar transforms Thread 4"           [_thread_blocked, id=18336, stack(0x0000005203700000,0x0000005203800000) (1024K)]
  0x00000154ce3287a0 JavaThread "Memory manager"                    [_thread_blocked, id=20292, stack(0x0000005203c00000,0x0000005203d00000) (1024K)]
  0x00000154ce32c940 JavaThread "Cache worker for Java compile cache (C:\Users\79961\.gradle\caches\8.10\javaCompile)"        [_thread_blocked, id=11956, stack(0x0000005204200000,0x0000005204300000) (1024K)]
  0x00000154cf999470 JavaThread "Daemon Thread 10"                  [_thread_blocked, id=15536, stack(0x0000005200400000,0x0000005200500000) (1024K)]
  0x00000154cf996d10 JavaThread "Handler for socket connection from /127.0.0.1:60247 to /127.0.0.1:61927"        [_thread_in_native, id=17596, stack(0x0000005200500000,0x0000005200600000) (1024K)]
  0x00000154cf999b00 JavaThread "Cancel handler"                    [_thread_blocked, id=19984, stack(0x0000005200600000,0x0000005200700000) (1024K)]
  0x00000154cf99b540 JavaThread "Daemon worker Thread 7"            [_thread_blocked, id=16508, stack(0x0000005201f00000,0x0000005202000000) (1024K)]
  0x00000154cf99aeb0 JavaThread "Asynchronous log dispatcher for DefaultDaemonConnection: socket connection from /127.0.0.1:60247 to /127.0.0.1:61927"        [_thread_blocked, id=6740, stack(0x0000005202000000,0x0000005202100000) (1024K)]
  0x00000154ce140d30 JavaThread "ForkJoinPool.commonPool-worker-28" daemon [_thread_blocked, id=20596, stack(0x0000005203100000,0x0000005203200000) (1024K)]
  0x00000154ce140010 JavaThread "ForkJoinPool.commonPool-worker-29" daemon [_thread_blocked, id=20632, stack(0x0000005203500000,0x0000005203600000) (1024K)]
  0x00000154ce143b20 JavaThread "ForkJoinPool.commonPool-worker-30" daemon [_thread_blocked, id=7932, stack(0x0000005203600000,0x0000005203700000) (1024K)]
  0x00000154ce141a50 JavaThread "included builds"                   [_thread_blocked, id=19672, stack(0x0000005203800000,0x0000005203900000) (1024K)]
Total: 35

Other Threads:
  0x00000154b1ee0c70 VMThread "VM Thread"                           [id=2208, stack(0x0000005200e00000,0x0000005200f00000) (1024K)]
  0x00000154b1ed1a50 WatcherThread "VM Periodic Task Thread"        [id=5104, stack(0x0000005200d00000,0x0000005200e00000) (1024K)]
  0x00000154977df8e0 WorkerThread "GC Thread#0"                     [id=20352, stack(0x0000005200800000,0x0000005200900000) (1024K)]
  0x00000154cb3f16c0 WorkerThread "GC Thread#1"                     [id=16584, stack(0x0000005201900000,0x0000005201a00000) (1024K)]
  0x00000154cb3f1a70 WorkerThread "GC Thread#2"                     [id=18384, stack(0x0000005201a00000,0x0000005201b00000) (1024K)]
  0x00000154cb30bc80 WorkerThread "GC Thread#3"                     [id=9104, stack(0x0000005201b00000,0x0000005201c00000) (1024K)]
  0x00000154977e5840 ConcurrentGCThread "G1 Main Marker"            [id=21076, stack(0x0000005200900000,0x0000005200a00000) (1024K)]
  0x00000154977e6260 WorkerThread "G1 Conc#0"                       [id=20956, stack(0x0000005200a00000,0x0000005200b00000) (1024K)]
  0x000001549787e830 ConcurrentGCThread "G1 Refine#0"               [id=21276, stack(0x0000005200b00000,0x0000005200c00000) (1024K)]
  0x00000154b1da5940 ConcurrentGCThread "G1 Service"                [id=16640, stack(0x0000005200c00000,0x0000005200d00000) (1024K)]
Total: 10

Threads with active compile tasks:
C2 CompilerThread0  3863752 15992       4       org.codehaus.groovy.reflection.ReflectionCache::getCachedClass (14 bytes)
Total: 1

VM state: not at safepoint (normal execution)

VM Mutex/Monitor currently owned by a thread: None

OutOfMemory and StackOverflow Exception counts:
OutOfMemoryError java_heap_errors=1
LinkageErrors=248

Heap address: 0x00000000e0000000, size: 512 MB, Compressed Oops mode: 32-bit

CDS archive(s) mapped at: [0x00000154b2000000-0x00000154b2d70000-0x00000154b2d70000), size 14090240, SharedBaseAddress: 0x00000154b2000000, ArchiveRelocationMode: 1.
Compressed class space mapped at: 0x00000154b3000000-0x00000154c7000000, reserved size: 335544320
Narrow klass base: 0x00000154b2000000, Narrow klass shift: 0, Narrow klass range: 0x15000000

GC Precious Log:
 CardTable entry size: 512
 Card Set container configuration: InlinePtr #cards 5 size 8 Array Of Cards #cards 10 size 36 Howl #buckets 4 coarsen threshold 1843 Howl Bitmap #cards 512 size 80 coarsen threshold 460 Card regions per heap region 1 cards per card region 2048
 CPUs: 4 total, 4 available
 Memory: 7991M
 Large Page Support: Disabled
 NUMA Support: Disabled
 Compressed Oops: Enabled (32-bit)
 Heap Region Size: 1M
 Heap Min Capacity: 256M
 Heap Initial Capacity: 256M
 Heap Max Capacity: 512M
 Pre-touch: Disabled
 Parallel Workers: 4
 Concurrent Workers: 1
 Concurrent Refinement Workers: 4
 Periodic GC: Disabled

Heap:
 garbage-first heap   total reserved 524288K, committed 262144K, used 191022K [0x00000000e0000000, 0x0000000100000000)
  region size 1024K, 127 young (130048K), 11 survivors (11264K)
 Metaspace       used 76838K, committed 79936K, reserved 458752K
  class space    used 10727K, committed 12224K, reserved 327680K

Heap Regions: E=young(eden), S=young(survivor), O=old, HS=humongous(starts), HC=humongous(continues), CS=collection set, F=free, TAMS=top-at-mark-start, PB=parsable bottom
|   0|0x00000000e0000000, 0x00000000e0100000, 0x00000000e0100000|100%|HS|  |TAMS 0x00000000e0000000| PB 0x00000000e0000000| Complete |  0
|   1|0x00000000e0100000, 0x00000000e0200000, 0x00000000e0200000|100%|HC|  |TAMS 0x00000000e0100000| PB 0x00000000e0100000| Complete |  0
|   2|0x00000000e0200000, 0x00000000e0300000, 0x00000000e0300000|100%|HC|  |TAMS 0x00000000e0200000| PB 0x00000000e0200000| Complete |  0
|   3|0x00000000e0300000, 0x00000000e0400000, 0x00000000e0400000|100%|HC|  |TAMS 0x00000000e0300000| PB 0x00000000e0300000| Complete |  0
|   4|0x00000000e0400000, 0x00000000e0500000, 0x00000000e0500000|100%| O|  |TAMS 0x00000000e0400000| PB 0x00000000e0400000| Untracked |  0
|   5|0x00000000e0500000, 0x00000000e0600000, 0x00000000e0600000|100%| O|  |TAMS 0x00000000e0500000| PB 0x00000000e0500000| Untracked |  0
|   6|0x00000000e0600000, 0x00000000e0700000, 0x00000000e0700000|100%| O|  |TAMS 0x00000000e0600000| PB 0x00000000e0600000| Untracked |  0
|   7|0x00000000e0700000, 0x00000000e0800000, 0x00000000e0800000|100%| O|  |TAMS 0x00000000e0700000| PB 0x00000000e0700000| Untracked |  0
|   8|0x00000000e0800000, 0x00000000e0900000, 0x00000000e0900000|100%| O|  |TAMS 0x00000000e0800000| PB 0x00000000e0800000| Untracked |  0
|   9|0x00000000e0900000, 0x00000000e0a00000, 0x00000000e0a00000|100%| O|  |TAMS 0x00000000e0900000| PB 0x00000000e0900000| Untracked |  0
|  10|0x00000000e0a00000, 0x00000000e0b00000, 0x00000000e0b00000|100%| O|  |TAMS 0x00000000e0a00000| PB 0x00000000e0a00000| Untracked |  0
|  11|0x00000000e0b00000, 0x00000000e0c00000, 0x00000000e0c00000|100%|HS|  |TAMS 0x00000000e0b00000| PB 0x00000000e0b00000| Complete |  0
|  12|0x00000000e0c00000, 0x00000000e0d00000, 0x00000000e0d00000|100%| O|  |TAMS 0x00000000e0c00000| PB 0x00000000e0c00000| Untracked |  0
|  13|0x00000000e0d00000, 0x00000000e0e00000, 0x00000000e0e00000|100%| O|  |TAMS 0x00000000e0d00000| PB 0x00000000e0d00000| Untracked |  0
|  14|0x00000000e0e00000, 0x00000000e0f00000, 0x00000000e0f00000|100%| O|  |TAMS 0x00000000e0e00000| PB 0x00000000e0e00000| Untracked |  0
|  15|0x00000000e0f00000, 0x00000000e1000000, 0x00000000e1000000|100%| O|  |TAMS 0x00000000e0f00000| PB 0x00000000e0f00000| Untracked |  0
|  16|0x00000000e1000000, 0x00000000e1100000, 0x00000000e1100000|100%| O|  |TAMS 0x00000000e1000000| PB 0x00000000e1000000| Untracked |  0
|  17|0x00000000e1100000, 0x00000000e1200000, 0x00000000e1200000|100%| O|  |TAMS 0x00000000e1100000| PB 0x00000000e1100000| Untracked |  0
|  18|0x00000000e1200000, 0x00000000e1300000, 0x00000000e1300000|100%| O|  |TAMS 0x00000000e1200000| PB 0x00000000e1200000| Untracked |  0
|  19|0x00000000e1300000, 0x00000000e1400000, 0x00000000e1400000|100%| O|  |TAMS 0x00000000e1300000| PB 0x00000000e1300000| Untracked |  0
|  20|0x00000000e1400000, 0x00000000e1500000, 0x00000000e1500000|100%| O|  |TAMS 0x00000000e1400000| PB 0x00000000e1400000| Untracked |  0
|  21|0x00000000e1500000, 0x00000000e1600000, 0x00000000e1600000|100%| O|  |TAMS 0x00000000e1500000| PB 0x00000000e1500000| Untracked |  0
|  22|0x00000000e1600000, 0x00000000e1700000, 0x00000000e1700000|100%| O|  |TAMS 0x00000000e1600000| PB 0x00000000e1600000| Untracked |  0
|  23|0x00000000e1700000, 0x00000000e1800000, 0x00000000e1800000|100%| O|  |TAMS 0x00000000e1700000| PB 0x00000000e1700000| Untracked |  0
|  24|0x00000000e1800000, 0x00000000e1800000, 0x00000000e1900000|  0%| F|  |TAMS 0x00000000e1800000| PB 0x00000000e1800000| Untracked |  0
|  25|0x00000000e1900000, 0x00000000e1a00000, 0x00000000e1a00000|100%| O|  |TAMS 0x00000000e1900000| PB 0x00000000e1900000| Untracked |  0
|  26|0x00000000e1a00000, 0x00000000e1b00000, 0x00000000e1b00000|100%| O|  |TAMS 0x00000000e1a00000| PB 0x00000000e1a00000| Untracked |  0
|  27|0x00000000e1b00000, 0x00000000e1c00000, 0x00000000e1c00000|100%| O|  |TAMS 0x00000000e1b00000| PB 0x00000000e1b00000| Untracked |  0
|  28|0x00000000e1c00000, 0x00000000e1d00000, 0x00000000e1d00000|100%| O|  |TAMS 0x00000000e1c00000| PB 0x00000000e1c00000| Untracked |  0
|  29|0x00000000e1d00000, 0x00000000e1e00000, 0x00000000e1e00000|100%| O|  |TAMS 0x00000000e1d00000| PB 0x00000000e1d00000| Untracked |  0
|  30|0x00000000e1e00000, 0x00000000e1f00000, 0x00000000e1f00000|100%| O|  |TAMS 0x00000000e1e00000| PB 0x00000000e1e00000| Untracked |  0
|  31|0x00000000e1f00000, 0x00000000e2000000, 0x00000000e2000000|100%| O|  |TAMS 0x00000000e1f00000| PB 0x00000000e1f00000| Untracked |  0
|  32|0x00000000e2000000, 0x00000000e2100000, 0x00000000e2100000|100%| O|  |TAMS 0x00000000e2000000| PB 0x00000000e2000000| Untracked |  0
|  33|0x00000000e2100000, 0x00000000e2200000, 0x00000000e2200000|100%| O|  |TAMS 0x00000000e2100000| PB 0x00000000e2100000| Untracked |  0
|  34|0x00000000e2200000, 0x00000000e2300000, 0x00000000e2300000|100%| O|  |TAMS 0x00000000e2200000| PB 0x00000000e2200000| Untracked |  0
|  35|0x00000000e2300000, 0x00000000e2400000, 0x00000000e2400000|100%| O|  |TAMS 0x00000000e2300000| PB 0x00000000e2300000| Untracked |  0
|  36|0x00000000e2400000, 0x00000000e2500000, 0x00000000e2500000|100%| O|  |TAMS 0x00000000e2400000| PB 0x00000000e2400000| Untracked |  0
|  37|0x00000000e2500000, 0x00000000e2600000, 0x00000000e2600000|100%| O|  |TAMS 0x00000000e2500000| PB 0x00000000e2500000| Untracked |  0
|  38|0x00000000e2600000, 0x00000000e2700000, 0x00000000e2700000|100%| O|  |TAMS 0x00000000e2600000| PB 0x00000000e2600000| Untracked |  0
|  39|0x00000000e2700000, 0x00000000e2700000, 0x00000000e2800000|  0%| F|  |TAMS 0x00000000e2700000| PB 0x00000000e2700000| Untracked |  0
|  40|0x00000000e2800000, 0x00000000e2900000, 0x00000000e2900000|100%| O|  |TAMS 0x00000000e2800000| PB 0x00000000e2800000| Untracked |  0
|  41|0x00000000e2900000, 0x00000000e2900000, 0x00000000e2a00000|  0%| F|  |TAMS 0x00000000e2900000| PB 0x00000000e2900000| Untracked |  0
|  42|0x00000000e2a00000, 0x00000000e2b00000, 0x00000000e2b00000|100%| O|  |TAMS 0x00000000e2a00000| PB 0x00000000e2a00000| Untracked |  0
|  43|0x00000000e2b00000, 0x00000000e2c00000, 0x00000000e2c00000|100%| O|  |TAMS 0x00000000e2b00000| PB 0x00000000e2b00000| Untracked |  0
|  44|0x00000000e2c00000, 0x00000000e2d00000, 0x00000000e2d00000|100%| O|  |TAMS 0x00000000e2c00000| PB 0x00000000e2c00000| Untracked |  0
|  45|0x00000000e2d00000, 0x00000000e2e00000, 0x00000000e2e00000|100%| O|  |TAMS 0x00000000e2d00000| PB 0x00000000e2d00000| Untracked |  0
|  46|0x00000000e2e00000, 0x00000000e2f00000, 0x00000000e2f00000|100%| O|  |TAMS 0x00000000e2e00000| PB 0x00000000e2e00000| Untracked |  0
|  47|0x00000000e2f00000, 0x00000000e3000000, 0x00000000e3000000|100%| O|  |TAMS 0x00000000e2f00000| PB 0x00000000e2f00000| Untracked |  0
|  48|0x00000000e3000000, 0x00000000e3100000, 0x00000000e3100000|100%| O|  |TAMS 0x00000000e3000000| PB 0x00000000e3000000| Untracked |  0
|  49|0x00000000e3100000, 0x00000000e3100000, 0x00000000e3200000|  0%| F|  |TAMS 0x00000000e3100000| PB 0x00000000e3100000| Untracked |  0
|  50|0x00000000e3200000, 0x00000000e3300000, 0x00000000e3300000|100%| O|  |TAMS 0x00000000e3200000| PB 0x00000000e3200000| Untracked |  0
|  51|0x00000000e3300000, 0x00000000e3400000, 0x00000000e3400000|100%| O|  |TAMS 0x00000000e3300000| PB 0x00000000e3300000| Untracked |  0
|  52|0x00000000e3400000, 0x00000000e3500000, 0x00000000e3500000|100%| O|  |TAMS 0x00000000e3400000| PB 0x00000000e3400000| Untracked |  0
|  53|0x00000000e3500000, 0x00000000e3600000, 0x00000000e3600000|100%| O|  |TAMS 0x00000000e3500000| PB 0x00000000e3500000| Untracked |  0
|  54|0x00000000e3600000, 0x00000000e3700000, 0x00000000e3700000|100%| O|  |TAMS 0x00000000e3600000| PB 0x00000000e3600000| Untracked |  0
|  55|0x00000000e3700000, 0x00000000e3800000, 0x00000000e3800000|100%| O|  |TAMS 0x00000000e3700000| PB 0x00000000e3700000| Untracked |  0
|  56|0x00000000e3800000, 0x00000000e3900000, 0x00000000e3900000|100%| O|  |TAMS 0x00000000e3800000| PB 0x00000000e3800000| Untracked |  0
|  57|0x00000000e3900000, 0x00000000e3a00000, 0x00000000e3a00000|100%| O|  |TAMS 0x00000000e3900000| PB 0x00000000e3900000| Untracked |  0
|  58|0x00000000e3a00000, 0x00000000e3b00000, 0x00000000e3b00000|100%| O|  |TAMS 0x00000000e3a00000| PB 0x00000000e3a00000| Untracked |  0
|  59|0x00000000e3b00000, 0x00000000e3c00000, 0x00000000e3c00000|100%| O|  |TAMS 0x00000000e3b00000| PB 0x00000000e3b00000| Untracked |  0
|  60|0x00000000e3c00000, 0x00000000e3d00000, 0x00000000e3d00000|100%| O|  |TAMS 0x00000000e3c00000| PB 0x00000000e3c00000| Untracked |  0
|  61|0x00000000e3d00000, 0x00000000e3e00000, 0x00000000e3e00000|100%| O|  |TAMS 0x00000000e3d00000| PB 0x00000000e3d00000| Untracked |  0
|  62|0x00000000e3e00000, 0x00000000e3f00000, 0x00000000e3f00000|100%| O|  |TAMS 0x00000000e3e00000| PB 0x00000000e3e00000| Untracked |  0
|  63|0x00000000e3f00000, 0x00000000e4000000, 0x00000000e4000000|100%| O|  |TAMS 0x00000000e3f00000| PB 0x00000000e3f00000| Untracked |  0
|  64|0x00000000e4000000, 0x00000000e4100000, 0x00000000e4100000|100%| O|  |TAMS 0x00000000e4000000| PB 0x00000000e4000000| Untracked |  0
|  65|0x00000000e4100000, 0x00000000e418bb60, 0x00000000e4200000| 54%| O|  |TAMS 0x00000000e4100000| PB 0x00000000e4100000| Untracked |  0
|  66|0x00000000e4200000, 0x00000000e4200000, 0x00000000e4300000|  0%| F|  |TAMS 0x00000000e4200000| PB 0x00000000e4200000| Untracked |  0
|  67|0x00000000e4300000, 0x00000000e4300000, 0x00000000e4400000|  0%| F|  |TAMS 0x00000000e4300000| PB 0x00000000e4300000| Untracked |  0
|  68|0x00000000e4400000, 0x00000000e4400000, 0x00000000e4500000|  0%| F|  |TAMS 0x00000000e4400000| PB 0x00000000e4400000| Untracked |  0
|  69|0x00000000e4500000, 0x00000000e4500000, 0x00000000e4600000|  0%| F|  |TAMS 0x00000000e4500000| PB 0x00000000e4500000| Untracked |  0
|  70|0x00000000e4600000, 0x00000000e4600000, 0x00000000e4700000|  0%| F|  |TAMS 0x00000000e4600000| PB 0x00000000e4600000| Untracked |  0
|  71|0x00000000e4700000, 0x00000000e4700000, 0x00000000e4800000|  0%| F|  |TAMS 0x00000000e4700000| PB 0x00000000e4700000| Untracked |  0
|  72|0x00000000e4800000, 0x00000000e4800000, 0x00000000e4900000|  0%| F|  |TAMS 0x00000000e4800000| PB 0x00000000e4800000| Untracked |  0
|  73|0x00000000e4900000, 0x00000000e4900000, 0x00000000e4a00000|  0%| F|  |TAMS 0x00000000e4900000| PB 0x00000000e4900000| Untracked |  0
|  74|0x00000000e4a00000, 0x00000000e4a00000, 0x00000000e4b00000|  0%| F|  |TAMS 0x00000000e4a00000| PB 0x00000000e4a00000| Untracked |  0
|  75|0x00000000e4b00000, 0x00000000e4b00000, 0x00000000e4c00000|  0%| F|  |TAMS 0x00000000e4b00000| PB 0x00000000e4b00000| Untracked |  0
|  76|0x00000000e4c00000, 0x00000000e4c00000, 0x00000000e4d00000|  0%| F|  |TAMS 0x00000000e4c00000| PB 0x00000000e4c00000| Untracked |  0
|  77|0x00000000e4d00000, 0x00000000e4d00000, 0x00000000e4e00000|  0%| F|  |TAMS 0x00000000e4d00000| PB 0x00000000e4d00000| Untracked |  0
|  78|0x00000000e4e00000, 0x00000000e4e00000, 0x00000000e4f00000|  0%| F|  |TAMS 0x00000000e4e00000| PB 0x00000000e4e00000| Untracked |  0
|  79|0x00000000e4f00000, 0x00000000e4f00000, 0x00000000e5000000|  0%| F|  |TAMS 0x00000000e4f00000| PB 0x00000000e4f00000| Untracked |  0
|  80|0x00000000e5000000, 0x00000000e5000000, 0x00000000e5100000|  0%| F|  |TAMS 0x00000000e5000000| PB 0x00000000e5000000| Untracked |  0
|  81|0x00000000e5100000, 0x00000000e5100000, 0x00000000e5200000|  0%| F|  |TAMS 0x00000000e5100000| PB 0x00000000e5100000| Untracked |  0
|  82|0x00000000e5200000, 0x00000000e5200000, 0x00000000e5300000|  0%| F|  |TAMS 0x00000000e5200000| PB 0x00000000e5200000| Untracked |  0
|  83|0x00000000e5300000, 0x00000000e5300000, 0x00000000e5400000|  0%| F|  |TAMS 0x00000000e5300000| PB 0x00000000e5300000| Untracked |  0
|  84|0x00000000e5400000, 0x00000000e5400000, 0x00000000e5500000|  0%| F|  |TAMS 0x00000000e5400000| PB 0x00000000e5400000| Untracked |  0
|  85|0x00000000e5500000, 0x00000000e5500000, 0x00000000e5600000|  0%| F|  |TAMS 0x00000000e5500000| PB 0x00000000e5500000| Untracked |  0
|  86|0x00000000e5600000, 0x00000000e5600000, 0x00000000e5700000|  0%| F|  |TAMS 0x00000000e5600000| PB 0x00000000e5600000| Untracked |  0
|  87|0x00000000e5700000, 0x00000000e5700000, 0x00000000e5800000|  0%| F|  |TAMS 0x00000000e5700000| PB 0x00000000e5700000| Untracked |  0
|  88|0x00000000e5800000, 0x00000000e5800000, 0x00000000e5900000|  0%| F|  |TAMS 0x00000000e5800000| PB 0x00000000e5800000| Untracked |  0
|  89|0x00000000e5900000, 0x00000000e5900000, 0x00000000e5a00000|  0%| F|  |TAMS 0x00000000e5900000| PB 0x00000000e5900000| Untracked |  0
|  90|0x00000000e5a00000, 0x00000000e5a00000, 0x00000000e5b00000|  0%| F|  |TAMS 0x00000000e5a00000| PB 0x00000000e5a00000| Untracked |  0
|  91|0x00000000e5b00000, 0x00000000e5b00000, 0x00000000e5c00000|  0%| F|  |TAMS 0x00000000e5b00000| PB 0x00000000e5b00000| Untracked |  0
|  92|0x00000000e5c00000, 0x00000000e5d00000, 0x00000000e5d00000|100%| S|CS|TAMS 0x00000000e5c00000| PB 0x00000000e5c00000| Complete |  0
|  93|0x00000000e5d00000, 0x00000000e5e00000, 0x00000000e5e00000|100%| S|CS|TAMS 0x00000000e5d00000| PB 0x00000000e5d00000| Complete |  0
|  94|0x00000000e5e00000, 0x00000000e5f00000, 0x00000000e5f00000|100%| S|CS|TAMS 0x00000000e5e00000| PB 0x00000000e5e00000| Complete |  0
|  95|0x00000000e5f00000, 0x00000000e6000000, 0x00000000e6000000|100%| S|CS|TAMS 0x00000000e5f00000| PB 0x00000000e5f00000| Complete |  0
|  96|0x00000000e6000000, 0x00000000e6100000, 0x00000000e6100000|100%| S|CS|TAMS 0x00000000e6000000| PB 0x00000000e6000000| Complete |  0
|  97|0x00000000e6100000, 0x00000000e6200000, 0x00000000e6200000|100%| S|CS|TAMS 0x00000000e6100000| PB 0x00000000e6100000| Complete |  0
|  98|0x00000000e6200000, 0x00000000e6300000, 0x00000000e6300000|100%| S|CS|TAMS 0x00000000e6200000| PB 0x00000000e6200000| Complete |  0
|  99|0x00000000e6300000, 0x00000000e6400000, 0x00000000e6400000|100%| S|CS|TAMS 0x00000000e6300000| PB 0x00000000e6300000| Complete |  0
| 100|0x00000000e6400000, 0x00000000e6500000, 0x00000000e6500000|100%| S|CS|TAMS 0x00000000e6400000| PB 0x00000000e6400000| Complete |  0
| 101|0x00000000e6500000, 0x00000000e6600000, 0x00000000e6600000|100%| S|CS|TAMS 0x00000000e6500000| PB 0x00000000e6500000| Complete |  0
| 102|0x00000000e6600000, 0x00000000e6700000, 0x00000000e6700000|100%| S|CS|TAMS 0x00000000e6600000| PB 0x00000000e6600000| Complete |  0
| 103|0x00000000e6700000, 0x00000000e6700000, 0x00000000e6800000|  0%| F|  |TAMS 0x00000000e6700000| PB 0x00000000e6700000| Untracked |  0
| 104|0x00000000e6800000, 0x00000000e6800000, 0x00000000e6900000|  0%| F|  |TAMS 0x00000000e6800000| PB 0x00000000e6800000| Untracked |  0
| 105|0x00000000e6900000, 0x00000000e6900000, 0x00000000e6a00000|  0%| F|  |TAMS 0x00000000e6900000| PB 0x00000000e6900000| Untracked |  0
| 106|0x00000000e6a00000, 0x00000000e6a00000, 0x00000000e6b00000|  0%| F|  |TAMS 0x00000000e6a00000| PB 0x00000000e6a00000| Untracked |  0
| 107|0x00000000e6b00000, 0x00000000e6b00000, 0x00000000e6c00000|  0%| F|  |TAMS 0x00000000e6b00000| PB 0x00000000e6b00000| Untracked |  0
| 108|0x00000000e6c00000, 0x00000000e6c00000, 0x00000000e6d00000|  0%| F|  |TAMS 0x00000000e6c00000| PB 0x00000000e6c00000| Untracked |  0
| 109|0x00000000e6d00000, 0x00000000e6d00000, 0x00000000e6e00000|  0%| F|  |TAMS 0x00000000e6d00000| PB 0x00000000e6d00000| Untracked |  0
| 110|0x00000000e6e00000, 0x00000000e6e00000, 0x00000000e6f00000|  0%| F|  |TAMS 0x00000000e6e00000| PB 0x00000000e6e00000| Untracked |  0
| 111|0x00000000e6f00000, 0x00000000e6f00000, 0x00000000e7000000|  0%| F|  |TAMS 0x00000000e6f00000| PB 0x00000000e6f00000| Untracked |  0
| 112|0x00000000e7000000, 0x00000000e7000000, 0x00000000e7100000|  0%| F|  |TAMS 0x00000000e7000000| PB 0x00000000e7000000| Untracked |  0
| 113|0x00000000e7100000, 0x00000000e7100000, 0x00000000e7200000|  0%| F|  |TAMS 0x00000000e7100000| PB 0x00000000e7100000| Untracked |  0
| 114|0x00000000e7200000, 0x00000000e7200000, 0x00000000e7300000|  0%| F|  |TAMS 0x00000000e7200000| PB 0x00000000e7200000| Untracked |  0
| 115|0x00000000e7300000, 0x00000000e7300000, 0x00000000e7400000|  0%| F|  |TAMS 0x00000000e7300000| PB 0x00000000e7300000| Untracked |  0
| 116|0x00000000e7400000, 0x00000000e7400000, 0x00000000e7500000|  0%| F|  |TAMS 0x00000000e7400000| PB 0x00000000e7400000| Untracked |  0
| 117|0x00000000e7500000, 0x00000000e7500000, 0x00000000e7600000|  0%| F|  |TAMS 0x00000000e7500000| PB 0x00000000e7500000| Untracked |  0
| 118|0x00000000e7600000, 0x00000000e7600000, 0x00000000e7700000|  0%| F|  |TAMS 0x00000000e7600000| PB 0x00000000e7600000| Untracked |  0
| 119|0x00000000e7700000, 0x00000000e7700000, 0x00000000e7800000|  0%| F|  |TAMS 0x00000000e7700000| PB 0x00000000e7700000| Untracked |  0
| 120|0x00000000e7800000, 0x00000000e7800000, 0x00000000e7900000|  0%| F|  |TAMS 0x00000000e7800000| PB 0x00000000e7800000| Untracked |  0
| 121|0x00000000e7900000, 0x00000000e7900000, 0x00000000e7a00000|  0%| F|  |TAMS 0x00000000e7900000| PB 0x00000000e7900000| Untracked |  0
| 122|0x00000000e7a00000, 0x00000000e7a00000, 0x00000000e7b00000|  0%| F|  |TAMS 0x00000000e7a00000| PB 0x00000000e7a00000| Untracked |  0
| 123|0x00000000e7b00000, 0x00000000e7b00000, 0x00000000e7c00000|  0%| F|  |TAMS 0x00000000e7b00000| PB 0x00000000e7b00000| Untracked |  0
| 124|0x00000000e7c00000, 0x00000000e7c00000, 0x00000000e7d00000|  0%| F|  |TAMS 0x00000000e7c00000| PB 0x00000000e7c00000| Untracked |  0
| 125|0x00000000e7d00000, 0x00000000e7d00000, 0x00000000e7e00000|  0%| F|  |TAMS 0x00000000e7d00000| PB 0x00000000e7d00000| Untracked |  0
| 126|0x00000000e7e00000, 0x00000000e7e00000, 0x00000000e7f00000|  0%| F|  |TAMS 0x00000000e7e00000| PB 0x00000000e7e00000| Untracked |  0
| 127|0x00000000e7f00000, 0x00000000e7f00000, 0x00000000e8000000|  0%| F|  |TAMS 0x00000000e7f00000| PB 0x00000000e7f00000| Untracked |  0
| 128|0x00000000e8000000, 0x00000000e8000000, 0x00000000e8100000|  0%| F|  |TAMS 0x00000000e8000000| PB 0x00000000e8000000| Untracked |  0
| 129|0x00000000e8100000, 0x00000000e8100000, 0x00000000e8200000|  0%| F|  |TAMS 0x00000000e8100000| PB 0x00000000e8100000| Untracked |  0
| 130|0x00000000e8200000, 0x00000000e8200000, 0x00000000e8300000|  0%| F|  |TAMS 0x00000000e8200000| PB 0x00000000e8200000| Untracked |  0
| 131|0x00000000e8300000, 0x00000000e8300000, 0x00000000e8400000|  0%| F|  |TAMS 0x00000000e8300000| PB 0x00000000e8300000| Untracked |  0
| 132|0x00000000e8400000, 0x00000000e8400000, 0x00000000e8500000|  0%| F|  |TAMS 0x00000000e8400000| PB 0x00000000e8400000| Untracked |  0
| 133|0x00000000e8500000, 0x00000000e8500000, 0x00000000e8600000|  0%| F|  |TAMS 0x00000000e8500000| PB 0x00000000e8500000| Untracked |  0
| 134|0x00000000e8600000, 0x00000000e8600000, 0x00000000e8700000|  0%| F|  |TAMS 0x00000000e8600000| PB 0x00000000e8600000| Untracked |  0
| 135|0x00000000e8700000, 0x00000000e8700000, 0x00000000e8800000|  0%| F|  |TAMS 0x00000000e8700000| PB 0x00000000e8700000| Untracked |  0
| 136|0x00000000e8800000, 0x00000000e8800000, 0x00000000e8900000|  0%| F|  |TAMS 0x00000000e8800000| PB 0x00000000e8800000| Untracked |  0
| 137|0x00000000e8900000, 0x00000000e8900000, 0x00000000e8a00000|  0%| F|  |TAMS 0x00000000e8900000| PB 0x00000000e8900000| Untracked |  0
| 138|0x00000000e8a00000, 0x00000000e8a00000, 0x00000000e8b00000|  0%| F|  |TAMS 0x00000000e8a00000| PB 0x00000000e8a00000| Untracked |  0
| 139|0x00000000e8b00000, 0x00000000e8b00000, 0x00000000e8c00000|  0%| F|  |TAMS 0x00000000e8b00000| PB 0x00000000e8b00000| Untracked |  0
| 140|0x00000000e8c00000, 0x00000000e8c28c98, 0x00000000e8d00000| 15%| E|  |TAMS 0x00000000e8c00000| PB 0x00000000e8c00000| Complete |  0
| 141|0x00000000e8d00000, 0x00000000e8e00000, 0x00000000e8e00000|100%| E|CS|TAMS 0x00000000e8d00000| PB 0x00000000e8d00000| Complete |  0
| 142|0x00000000e8e00000, 0x00000000e8f00000, 0x00000000e8f00000|100%| E|CS|TAMS 0x00000000e8e00000| PB 0x00000000e8e00000| Complete |  0
| 143|0x00000000e8f00000, 0x00000000e9000000, 0x00000000e9000000|100%| E|CS|TAMS 0x00000000e8f00000| PB 0x00000000e8f00000| Complete |  0
| 144|0x00000000e9000000, 0x00000000e9100000, 0x00000000e9100000|100%| E|CS|TAMS 0x00000000e9000000| PB 0x00000000e9000000| Complete |  0
| 145|0x00000000e9100000, 0x00000000e9200000, 0x00000000e9200000|100%| E|CS|TAMS 0x00000000e9100000| PB 0x00000000e9100000| Complete |  0
| 146|0x00000000e9200000, 0x00000000e9300000, 0x00000000e9300000|100%| E|CS|TAMS 0x00000000e9200000| PB 0x00000000e9200000| Complete |  0
| 147|0x00000000e9300000, 0x00000000e9400000, 0x00000000e9400000|100%| E|CS|TAMS 0x00000000e9300000| PB 0x00000000e9300000| Complete |  0
| 148|0x00000000e9400000, 0x00000000e9500000, 0x00000000e9500000|100%| E|CS|TAMS 0x00000000e9400000| PB 0x00000000e9400000| Complete |  0
| 149|0x00000000e9500000, 0x00000000e9600000, 0x00000000e9600000|100%| E|CS|TAMS 0x00000000e9500000| PB 0x00000000e9500000| Complete |  0
| 150|0x00000000e9600000, 0x00000000e9700000, 0x00000000e9700000|100%| E|CS|TAMS 0x00000000e9600000| PB 0x00000000e9600000| Complete |  0
| 151|0x00000000e9700000, 0x00000000e9800000, 0x00000000e9800000|100%| E|CS|TAMS 0x00000000e9700000| PB 0x00000000e9700000| Complete |  0
| 152|0x00000000e9800000, 0x00000000e9900000, 0x00000000e9900000|100%| E|CS|TAMS 0x00000000e9800000| PB 0x00000000e9800000| Complete |  0
| 153|0x00000000e9900000, 0x00000000e9a00000, 0x00000000e9a00000|100%| E|CS|TAMS 0x00000000e9900000| PB 0x00000000e9900000| Complete |  0
| 154|0x00000000e9a00000, 0x00000000e9b00000, 0x00000000e9b00000|100%| E|CS|TAMS 0x00000000e9a00000| PB 0x00000000e9a00000| Complete |  0
| 155|0x00000000e9b00000, 0x00000000e9c00000, 0x00000000e9c00000|100%| E|CS|TAMS 0x00000000e9b00000| PB 0x00000000e9b00000| Complete |  0
| 156|0x00000000e9c00000, 0x00000000e9d00000, 0x00000000e9d00000|100%| E|CS|TAMS 0x00000000e9c00000| PB 0x00000000e9c00000| Complete |  0
| 157|0x00000000e9d00000, 0x00000000e9e00000, 0x00000000e9e00000|100%| E|CS|TAMS 0x00000000e9d00000| PB 0x00000000e9d00000| Complete |  0
| 158|0x00000000e9e00000, 0x00000000e9f00000, 0x00000000e9f00000|100%| E|CS|TAMS 0x00000000e9e00000| PB 0x00000000e9e00000| Complete |  0
| 159|0x00000000e9f00000, 0x00000000ea000000, 0x00000000ea000000|100%| E|CS|TAMS 0x00000000e9f00000| PB 0x00000000e9f00000| Complete |  0
| 160|0x00000000ea000000, 0x00000000ea100000, 0x00000000ea100000|100%| E|CS|TAMS 0x00000000ea000000| PB 0x00000000ea000000| Complete |  0
| 161|0x00000000ea100000, 0x00000000ea200000, 0x00000000ea200000|100%| E|CS|TAMS 0x00000000ea100000| PB 0x00000000ea100000| Complete |  0
| 162|0x00000000ea200000, 0x00000000ea300000, 0x00000000ea300000|100%| E|CS|TAMS 0x00000000ea200000| PB 0x00000000ea200000| Complete |  0
| 163|0x00000000ea300000, 0x00000000ea400000, 0x00000000ea400000|100%| E|CS|TAMS 0x00000000ea300000| PB 0x00000000ea300000| Complete |  0
| 164|0x00000000ea400000, 0x00000000ea500000, 0x00000000ea500000|100%| E|CS|TAMS 0x00000000ea400000| PB 0x00000000ea400000| Complete |  0
| 165|0x00000000ea500000, 0x00000000ea600000, 0x00000000ea600000|100%| E|CS|TAMS 0x00000000ea500000| PB 0x00000000ea500000| Complete |  0
| 166|0x00000000ea600000, 0x00000000ea700000, 0x00000000ea700000|100%| E|CS|TAMS 0x00000000ea600000| PB 0x00000000ea600000| Complete |  0
| 167|0x00000000ea700000, 0x00000000ea800000, 0x00000000ea800000|100%| E|CS|TAMS 0x00000000ea700000| PB 0x00000000ea700000| Complete |  0
| 168|0x00000000ea800000, 0x00000000ea900000, 0x00000000ea900000|100%| E|CS|TAMS 0x00000000ea800000| PB 0x00000000ea800000| Complete |  0
| 169|0x00000000ea900000, 0x00000000eaa00000, 0x00000000eaa00000|100%| E|CS|TAMS 0x00000000ea900000| PB 0x00000000ea900000| Complete |  0
| 170|0x00000000eaa00000, 0x00000000eab00000, 0x00000000eab00000|100%| E|CS|TAMS 0x00000000eaa00000| PB 0x00000000eaa00000| Complete |  0
| 171|0x00000000eab00000, 0x00000000eac00000, 0x00000000eac00000|100%| E|CS|TAMS 0x00000000eab00000| PB 0x00000000eab00000| Complete |  0
| 172|0x00000000eac00000, 0x00000000ead00000, 0x00000000ead00000|100%| E|CS|TAMS 0x00000000eac00000| PB 0x00000000eac00000| Complete |  0
| 173|0x00000000ead00000, 0x00000000eae00000, 0x00000000eae00000|100%| E|CS|TAMS 0x00000000ead00000| PB 0x00000000ead00000| Complete |  0
| 174|0x00000000eae00000, 0x00000000eaf00000, 0x00000000eaf00000|100%| E|CS|TAMS 0x00000000eae00000| PB 0x00000000eae00000| Complete |  0
| 175|0x00000000eaf00000, 0x00000000eb000000, 0x00000000eb000000|100%| E|CS|TAMS 0x00000000eaf00000| PB 0x00000000eaf00000| Complete |  0
| 176|0x00000000eb000000, 0x00000000eb100000, 0x00000000eb100000|100%| E|CS|TAMS 0x00000000eb000000| PB 0x00000000eb000000| Complete |  0
| 177|0x00000000eb100000, 0x00000000eb200000, 0x00000000eb200000|100%| E|CS|TAMS 0x00000000eb100000| PB 0x00000000eb100000| Complete |  0
| 178|0x00000000eb200000, 0x00000000eb300000, 0x00000000eb300000|100%| E|CS|TAMS 0x00000000eb200000| PB 0x00000000eb200000| Complete |  0
| 179|0x00000000eb300000, 0x00000000eb400000, 0x00000000eb400000|100%| E|CS|TAMS 0x00000000eb300000| PB 0x00000000eb300000| Complete |  0
| 180|0x00000000eb400000, 0x00000000eb500000, 0x00000000eb500000|100%| E|CS|TAMS 0x00000000eb400000| PB 0x00000000eb400000| Complete |  0
| 181|0x00000000eb500000, 0x00000000eb600000, 0x00000000eb600000|100%| E|CS|TAMS 0x00000000eb500000| PB 0x00000000eb500000| Complete |  0
| 182|0x00000000eb600000, 0x00000000eb700000, 0x00000000eb700000|100%| E|CS|TAMS 0x00000000eb600000| PB 0x00000000eb600000| Complete |  0
| 183|0x00000000eb700000, 0x00000000eb800000, 0x00000000eb800000|100%| E|CS|TAMS 0x00000000eb700000| PB 0x00000000eb700000| Complete |  0
| 184|0x00000000eb800000, 0x00000000eb900000, 0x00000000eb900000|100%| E|CS|TAMS 0x00000000eb800000| PB 0x00000000eb800000| Complete |  0
| 185|0x00000000eb900000, 0x00000000eba00000, 0x00000000eba00000|100%| E|CS|TAMS 0x00000000eb900000| PB 0x00000000eb900000| Complete |  0
| 186|0x00000000eba00000, 0x00000000ebb00000, 0x00000000ebb00000|100%| E|CS|TAMS 0x00000000eba00000| PB 0x00000000eba00000| Complete |  0
| 187|0x00000000ebb00000, 0x00000000ebc00000, 0x00000000ebc00000|100%| E|CS|TAMS 0x00000000ebb00000| PB 0x00000000ebb00000| Complete |  0
| 188|0x00000000ebc00000, 0x00000000ebd00000, 0x00000000ebd00000|100%| E|CS|TAMS 0x00000000ebc00000| PB 0x00000000ebc00000| Complete |  0
| 189|0x00000000ebd00000, 0x00000000ebe00000, 0x00000000ebe00000|100%| E|CS|TAMS 0x00000000ebd00000| PB 0x00000000ebd00000| Complete |  0
| 190|0x00000000ebe00000, 0x00000000ebf00000, 0x00000000ebf00000|100%| E|CS|TAMS 0x00000000ebe00000| PB 0x00000000ebe00000| Complete |  0
| 191|0x00000000ebf00000, 0x00000000ec000000, 0x00000000ec000000|100%| E|CS|TAMS 0x00000000ebf00000| PB 0x00000000ebf00000| Complete |  0
| 192|0x00000000ec000000, 0x00000000ec100000, 0x00000000ec100000|100%| E|CS|TAMS 0x00000000ec000000| PB 0x00000000ec000000| Complete |  0
| 193|0x00000000ec100000, 0x00000000ec200000, 0x00000000ec200000|100%| E|CS|TAMS 0x00000000ec100000| PB 0x00000000ec100000| Complete |  0
| 194|0x00000000ec200000, 0x00000000ec300000, 0x00000000ec300000|100%| E|CS|TAMS 0x00000000ec200000| PB 0x00000000ec200000| Complete |  0
| 195|0x00000000ec300000, 0x00000000ec400000, 0x00000000ec400000|100%| E|CS|TAMS 0x00000000ec300000| PB 0x00000000ec300000| Complete |  0
| 196|0x00000000ec400000, 0x00000000ec500000, 0x00000000ec500000|100%| E|CS|TAMS 0x00000000ec400000| PB 0x00000000ec400000| Complete |  0
| 197|0x00000000ec500000, 0x00000000ec600000, 0x00000000ec600000|100%| E|CS|TAMS 0x00000000ec500000| PB 0x00000000ec500000| Complete |  0
| 198|0x00000000ec600000, 0x00000000ec700000, 0x00000000ec700000|100%| E|CS|TAMS 0x00000000ec600000| PB 0x00000000ec600000| Complete |  0
| 199|0x00000000ec700000, 0x00000000ec800000, 0x00000000ec800000|100%| E|CS|TAMS 0x00000000ec700000| PB 0x00000000ec700000| Complete |  0
| 200|0x00000000ec800000, 0x00000000ec900000, 0x00000000ec900000|100%| E|  |TAMS 0x00000000ec800000| PB 0x00000000ec800000| Complete |  0
| 201|0x00000000ec900000, 0x00000000eca00000, 0x00000000eca00000|100%| E|CS|TAMS 0x00000000ec900000| PB 0x00000000ec900000| Complete |  0
| 202|0x00000000eca00000, 0x00000000ecb00000, 0x00000000ecb00000|100%| E|CS|TAMS 0x00000000eca00000| PB 0x00000000eca00000| Complete |  0
| 203|0x00000000ecb00000, 0x00000000ecc00000, 0x00000000ecc00000|100%| E|CS|TAMS 0x00000000ecb00000| PB 0x00000000ecb00000| Complete |  0
| 204|0x00000000ecc00000, 0x00000000ecd00000, 0x00000000ecd00000|100%| E|CS|TAMS 0x00000000ecc00000| PB 0x00000000ecc00000| Complete |  0
| 205|0x00000000ecd00000, 0x00000000ece00000, 0x00000000ece00000|100%| E|CS|TAMS 0x00000000ecd00000| PB 0x00000000ecd00000| Complete |  0
| 206|0x00000000ece00000, 0x00000000ecf00000, 0x00000000ecf00000|100%| E|CS|TAMS 0x00000000ece00000| PB 0x00000000ece00000| Complete |  0
| 207|0x00000000ecf00000, 0x00000000ed000000, 0x00000000ed000000|100%| E|CS|TAMS 0x00000000ecf00000| PB 0x00000000ecf00000| Complete |  0
| 208|0x00000000ed000000, 0x00000000ed100000, 0x00000000ed100000|100%| E|CS|TAMS 0x00000000ed000000| PB 0x00000000ed000000| Complete |  0
| 209|0x00000000ed100000, 0x00000000ed200000, 0x00000000ed200000|100%| E|CS|TAMS 0x00000000ed100000| PB 0x00000000ed100000| Complete |  0
| 210|0x00000000ed200000, 0x00000000ed300000, 0x00000000ed300000|100%| E|CS|TAMS 0x00000000ed200000| PB 0x00000000ed200000| Complete |  0
| 211|0x00000000ed300000, 0x00000000ed400000, 0x00000000ed400000|100%| E|CS|TAMS 0x00000000ed300000| PB 0x00000000ed300000| Complete |  0
| 212|0x00000000ed400000, 0x00000000ed500000, 0x00000000ed500000|100%| E|CS|TAMS 0x00000000ed400000| PB 0x00000000ed400000| Complete |  0
| 213|0x00000000ed500000, 0x00000000ed600000, 0x00000000ed600000|100%| E|CS|TAMS 0x00000000ed500000| PB 0x00000000ed500000| Complete |  0
| 214|0x00000000ed600000, 0x00000000ed700000, 0x00000000ed700000|100%| E|CS|TAMS 0x00000000ed600000| PB 0x00000000ed600000| Complete |  0
| 215|0x00000000ed700000, 0x00000000ed800000, 0x00000000ed800000|100%| E|CS|TAMS 0x00000000ed700000| PB 0x00000000ed700000| Complete |  0
| 216|0x00000000ed800000, 0x00000000ed900000, 0x00000000ed900000|100%| E|CS|TAMS 0x00000000ed800000| PB 0x00000000ed800000| Complete |  0
| 217|0x00000000ed900000, 0x00000000eda00000, 0x00000000eda00000|100%| E|CS|TAMS 0x00000000ed900000| PB 0x00000000ed900000| Complete |  0
| 218|0x00000000eda00000, 0x00000000edb00000, 0x00000000edb00000|100%| E|CS|TAMS 0x00000000eda00000| PB 0x00000000eda00000| Complete |  0
| 219|0x00000000edb00000, 0x00000000edc00000, 0x00000000edc00000|100%| E|CS|TAMS 0x00000000edb00000| PB 0x00000000edb00000| Complete |  0
| 220|0x00000000edc00000, 0x00000000edd00000, 0x00000000edd00000|100%| E|CS|TAMS 0x00000000edc00000| PB 0x00000000edc00000| Complete |  0
| 221|0x00000000edd00000, 0x00000000ede00000, 0x00000000ede00000|100%| E|CS|TAMS 0x00000000edd00000| PB 0x00000000edd00000| Complete |  0
| 222|0x00000000ede00000, 0x00000000edf00000, 0x00000000edf00000|100%| E|CS|TAMS 0x00000000ede00000| PB 0x00000000ede00000| Complete |  0
| 223|0x00000000edf00000, 0x00000000ee000000, 0x00000000ee000000|100%| E|CS|TAMS 0x00000000edf00000| PB 0x00000000edf00000| Complete |  0
| 224|0x00000000ee000000, 0x00000000ee100000, 0x00000000ee100000|100%| E|CS|TAMS 0x00000000ee000000| PB 0x00000000ee000000| Complete |  0
| 225|0x00000000ee100000, 0x00000000ee200000, 0x00000000ee200000|100%| E|CS|TAMS 0x00000000ee100000| PB 0x00000000ee100000| Complete |  0
| 226|0x00000000ee200000, 0x00000000ee300000, 0x00000000ee300000|100%| E|CS|TAMS 0x00000000ee200000| PB 0x00000000ee200000| Complete |  0
| 227|0x00000000ee300000, 0x00000000ee400000, 0x00000000ee400000|100%| E|CS|TAMS 0x00000000ee300000| PB 0x00000000ee300000| Complete |  0
| 228|0x00000000ee400000, 0x00000000ee500000, 0x00000000ee500000|100%| E|CS|TAMS 0x00000000ee400000| PB 0x00000000ee400000| Complete |  0
| 229|0x00000000ee500000, 0x00000000ee600000, 0x00000000ee600000|100%| E|CS|TAMS 0x00000000ee500000| PB 0x00000000ee500000| Complete |  0
| 230|0x00000000ee600000, 0x00000000ee700000, 0x00000000ee700000|100%| E|CS|TAMS 0x00000000ee600000| PB 0x00000000ee600000| Complete |  0
| 231|0x00000000ee700000, 0x00000000ee800000, 0x00000000ee800000|100%| E|CS|TAMS 0x00000000ee700000| PB 0x00000000ee700000| Complete |  0
| 232|0x00000000ee800000, 0x00000000ee900000, 0x00000000ee900000|100%| E|CS|TAMS 0x00000000ee800000| PB 0x00000000ee800000| Complete |  0
| 233|0x00000000ee900000, 0x00000000eea00000, 0x00000000eea00000|100%| E|CS|TAMS 0x00000000ee900000| PB 0x00000000ee900000| Complete |  0
| 234|0x00000000eea00000, 0x00000000eeb00000, 0x00000000eeb00000|100%| E|CS|TAMS 0x00000000eea00000| PB 0x00000000eea00000| Complete |  0
| 235|0x00000000eeb00000, 0x00000000eec00000, 0x00000000eec00000|100%| E|CS|TAMS 0x00000000eeb00000| PB 0x00000000eeb00000| Complete |  0
| 236|0x00000000eec00000, 0x00000000eed00000, 0x00000000eed00000|100%| E|CS|TAMS 0x00000000eec00000| PB 0x00000000eec00000| Complete |  0
| 237|0x00000000eed00000, 0x00000000eee00000, 0x00000000eee00000|100%| E|CS|TAMS 0x00000000eed00000| PB 0x00000000eed00000| Complete |  0
| 238|0x00000000eee00000, 0x00000000eef00000, 0x00000000eef00000|100%| E|CS|TAMS 0x00000000eee00000| PB 0x00000000eee00000| Complete |  0
| 239|0x00000000eef00000, 0x00000000ef000000, 0x00000000ef000000|100%| E|CS|TAMS 0x00000000eef00000| PB 0x00000000eef00000| Complete |  0
| 240|0x00000000ef000000, 0x00000000ef100000, 0x00000000ef100000|100%| E|CS|TAMS 0x00000000ef000000| PB 0x00000000ef000000| Complete |  0
| 241|0x00000000ef100000, 0x00000000ef200000, 0x00000000ef200000|100%| E|CS|TAMS 0x00000000ef100000| PB 0x00000000ef100000| Complete |  0
| 242|0x00000000ef200000, 0x00000000ef300000, 0x00000000ef300000|100%| E|CS|TAMS 0x00000000ef200000| PB 0x00000000ef200000| Complete |  0
| 243|0x00000000ef300000, 0x00000000ef400000, 0x00000000ef400000|100%| E|CS|TAMS 0x00000000ef300000| PB 0x00000000ef300000| Complete |  0
| 244|0x00000000ef400000, 0x00000000ef500000, 0x00000000ef500000|100%| E|CS|TAMS 0x00000000ef400000| PB 0x00000000ef400000| Complete |  0
| 245|0x00000000ef500000, 0x00000000ef600000, 0x00000000ef600000|100%| E|CS|TAMS 0x00000000ef500000| PB 0x00000000ef500000| Complete |  0
| 246|0x00000000ef600000, 0x00000000ef700000, 0x00000000ef700000|100%| E|CS|TAMS 0x00000000ef600000| PB 0x00000000ef600000| Complete |  0
| 247|0x00000000ef700000, 0x00000000ef800000, 0x00000000ef800000|100%| E|CS|TAMS 0x00000000ef700000| PB 0x00000000ef700000| Complete |  0
| 248|0x00000000ef800000, 0x00000000ef900000, 0x00000000ef900000|100%| E|CS|TAMS 0x00000000ef800000| PB 0x00000000ef800000| Complete |  0
| 249|0x00000000ef900000, 0x00000000efa00000, 0x00000000efa00000|100%| E|CS|TAMS 0x00000000ef900000| PB 0x00000000ef900000| Complete |  0
| 250|0x00000000efa00000, 0x00000000efb00000, 0x00000000efb00000|100%| E|CS|TAMS 0x00000000efa00000| PB 0x00000000efa00000| Complete |  0
| 251|0x00000000efb00000, 0x00000000efc00000, 0x00000000efc00000|100%| E|CS|TAMS 0x00000000efb00000| PB 0x00000000efb00000| Complete |  0
| 252|0x00000000efc00000, 0x00000000efd00000, 0x00000000efd00000|100%| E|CS|TAMS 0x00000000efc00000| PB 0x00000000efc00000| Complete |  0
| 253|0x00000000efd00000, 0x00000000efe00000, 0x00000000efe00000|100%| E|CS|TAMS 0x00000000efd00000| PB 0x00000000efd00000| Complete |  0
| 254|0x00000000efe00000, 0x00000000eff00000, 0x00000000eff00000|100%| E|CS|TAMS 0x00000000efe00000| PB 0x00000000efe00000| Complete |  0
| 255|0x00000000eff00000, 0x00000000f0000000, 0x00000000f0000000|100%| E|CS|TAMS 0x00000000eff00000| PB 0x00000000eff00000| Complete |  0

Card table byte_map: [0x00000154aeff0000,0x00000154af0f0000] _byte_map_base: 0x00000154ae8f0000

Marking Bits: (CMBitMap*) 0x00000154977dff00
 Bits: [0x00000154af0f0000, 0x00000154af8f0000)

Polling page: 0x0000015495690000

Metaspace:

Usage:
  Non-class:     64.56 MB used.
      Class:     10.48 MB used.
       Both:     75.04 MB used.

Virtual space:
  Non-class space:      128.00 MB reserved,      66.12 MB ( 52%) committed,  2 nodes.
      Class space:      320.00 MB reserved,      11.94 MB (  4%) committed,  1 nodes.
             Both:      448.00 MB reserved,      78.06 MB ( 17%) committed. 

Chunk freelists:
   Non-Class:  14.62 MB
       Class:  4.99 MB
        Both:  19.61 MB

MaxMetaspaceSize: 384.00 MB
CompressedClassSpaceSize: 320.00 MB
Initial GC threshold: 21.00 MB
Current GC threshold: 129.94 MB
CDS: on
 - commit_granule_bytes: 65536.
 - commit_granule_words: 8192.
 - virtual_space_node_default_size: 8388608.
 - enlarge_chunks_in_place: 1.
 - use_allocation_guard: 0.


Internal statistics:

num_allocs_failed_limit: 18.
num_arena_births: 3816.
num_arena_deaths: 2148.
num_vsnodes_births: 3.
num_vsnodes_deaths: 0.
num_space_committed: 1249.
num_space_uncommitted: 0.
num_chunks_returned_to_freelist: 2332.
num_chunks_taken_from_freelist: 7410.
num_chunk_merges: 864.
num_chunk_splits: 4745.
num_chunks_enlarged: 3030.
num_inconsistent_stats: 0.

CodeHeap 'non-profiled nmethods': size=120064Kb used=7727Kb max_used=7727Kb free=112336Kb
 bounds [0x00000154a79b0000, 0x00000154a8140000, 0x00000154aeef0000]
CodeHeap 'profiled nmethods': size=120000Kb used=22512Kb max_used=22512Kb free=97487Kb
 bounds [0x000001549fef0000, 0x00000154a14f0000, 0x00000154a7420000]
CodeHeap 'non-nmethods': size=5696Kb used=3034Kb max_used=3121Kb free=2662Kb
 bounds [0x00000154a7420000, 0x00000154a7740000, 0x00000154a79b0000]
CodeCache: size=245760Kb, used=33273Kb, max_used=33360Kb, free=212485Kb
 total_blobs=15792, nmethods=14843, adapters=853, full_count=0
Compilation: enabled, stopped_count=0, restarted_count=0

Compilation events (20 events):
Event: 3863.680 Thread 0x00000154cb0406c0 nmethod 15983 0x00000154a813b388 code [0x00000154a813b4a0, 0x00000154a813b568]
Event: 3863.681 Thread 0x00000154cb0406c0 15984       1       org.gradle.execution.plan.Node::getGroup (5 bytes)
Event: 3863.682 Thread 0x00000154cb0406c0 nmethod 15984 0x00000154a813b688 code [0x00000154a813b7a0, 0x00000154a813b868]
Event: 3863.682 Thread 0x00000154cb0406c0 15986       3       org.gradle.api.internal.tasks.properties.ScriptSourceAwareImplementationResolver::unwrapBean (64 bytes)
Event: 3863.688 Thread 0x00000154cb0406c0 nmethod 15986 0x00000154a14e3788 code [0x00000154a14e3a40, 0x00000154a14e5138]
Event: 3863.688 Thread 0x00000154cb0406c0 15987       3       org.gradle.internal.scripts.ScriptOriginUtil::getOriginClassIdentifier (54 bytes)
Event: 3863.688 Thread 0x00000154cb0406c0 nmethod 15987 0x00000154a14e5288 code [0x00000154a14e5480, 0x00000154a14e5f18]
Event: 3863.688 Thread 0x00000154cb0406c0 15988       3       org.gradle.internal.snapshot.impl.ImplementationValue::<init> (15 bytes)
Event: 3863.688 Thread 0x00000154cb0406c0 nmethod 15988 0x00000154a14e5f88 code [0x00000154a14e60a0, 0x00000154a14e62c0]
Event: 3863.688 Thread 0x00000154cb0406c0 15985       1       org.gradle.execution.plan.DetermineExecutionPlanAction$TaskClassifier::isDestroyer (5 bytes)
Event: 3863.689 Thread 0x00000154cb0406c0 nmethod 15985 0x00000154a813b988 code [0x00000154a813baa0, 0x00000154a813bb70]
Event: 3863.694 Thread 0x00000154cb0406c0 15989       3       org.codehaus.groovy.reflection.ParameterTypes::isValidMethod (80 bytes)
Event: 3863.695 Thread 0x00000154b1f00490 15992       4       org.codehaus.groovy.reflection.ReflectionCache::getCachedClass (14 bytes)
Event: 3863.696 Thread 0x00000154cb0406c0 nmethod 15989 0x00000154a14e6308 code [0x00000154a14e64a0, 0x00000154a14e6b18]
Event: 3863.696 Thread 0x00000154cb0406c0 15991       3       org.codehaus.groovy.runtime.callsite.PojoMetaMethodSite::checkPojoMetaClass (29 bytes)
Event: 3863.701 Thread 0x00000154cb0406c0 nmethod 15991 0x00000154a14e6b88 code [0x00000154a14e6d20, 0x00000154a14e76f8]
Event: 3863.702 Thread 0x00000154cb0406c0 15990       1       org.codehaus.groovy.runtime.metaclass.MethodMetaProperty::getMetaMethod (5 bytes)
Event: 3863.702 Thread 0x00000154cb0406c0 nmethod 15990 0x00000154a813bc88 code [0x00000154a813bda0, 0x00000154a813be68]
Event: 3863.702 Thread 0x00000154cb0406c0 15993       3       org.gradle.api.internal.file.DefaultFileCollectionFactory::withResolver (43 bytes)
Event: 3863.702 Thread 0x00000154cb0406c0 nmethod 15993 0x00000154a14e7788 code [0x00000154a14e78c0, 0x00000154a14e7af8]

GC Heap History (20 events):
Event: 14.307 GC heap before
{Heap before GC invocations=9 (full 0):
 garbage-first heap   total reserved 524288K, committed 262144K, used 31396K [0x00000000e0000000, 0x0000000100000000)
  region size 1024K, 9 young (9216K), 8 survivors (8192K)
 Metaspace       used 35338K, committed 36608K, reserved 393216K
  class space    used 5286K, committed 5888K, reserved 327680K
}
Event: 14.317 GC heap after
{Heap after GC invocations=10 (full 0):
 garbage-first heap   total reserved 524288K, committed 262144K, used 32132K [0x00000000e0000000, 0x0000000100000000)
  region size 1024K, 2 young (2048K), 2 survivors (2048K)
 Metaspace       used 35338K, committed 36608K, reserved 393216K
  class space    used 5286K, committed 5888K, reserved 327680K
}
Event: 18.310 GC heap before
{Heap before GC invocations=11 (full 0):
 garbage-first heap   total reserved 524288K, committed 262144K, used 178564K [0x00000000e0000000, 0x0000000100000000)
  region size 1024K, 141 young (144384K), 2 survivors (2048K)
 Metaspace       used 46370K, committed 48128K, reserved 393216K
  class space    used 6939K, committed 7744K, reserved 327680K
}
Event: 18.323 GC heap after
{Heap after GC invocations=12 (full 0):
 garbage-first heap   total reserved 524288K, committed 262144K, used 40408K [0x00000000e0000000, 0x0000000100000000)
  region size 1024K, 10 young (10240K), 10 survivors (10240K)
 Metaspace       used 46370K, committed 48128K, reserved 393216K
  class space    used 6939K, committed 7744K, reserved 327680K
}
Event: 22.456 GC heap before
{Heap before GC invocations=12 (full 0):
 garbage-first heap   total reserved 524288K, committed 262144K, used 165336K [0x00000000e0000000, 0x0000000100000000)
  region size 1024K, 131 young (134144K), 10 survivors (10240K)
 Metaspace       used 59457K, committed 61440K, reserved 393216K
  class space    used 8834K, committed 9792K, reserved 327680K
}
Event: 22.473 GC heap after
{Heap after GC invocations=13 (full 0):
 garbage-first heap   total reserved 524288K, committed 262144K, used 46592K [0x00000000e0000000, 0x0000000100000000)
  region size 1024K, 16 young (16384K), 16 survivors (16384K)
 Metaspace       used 59457K, committed 61440K, reserved 393216K
  class space    used 8834K, committed 9792K, reserved 327680K
}
Event: 23.310 GC heap before
{Heap before GC invocations=13 (full 0):
 garbage-first heap   total reserved 524288K, committed 262144K, used 50688K [0x00000000e0000000, 0x0000000100000000)
  region size 1024K, 21 young (21504K), 16 survivors (16384K)
 Metaspace       used 59782K, committed 61760K, reserved 393216K
  class space    used 8897K, committed 9856K, reserved 327680K
}
Event: 23.325 GC heap after
{Heap after GC invocations=14 (full 0):
 garbage-first heap   total reserved 524288K, committed 262144K, used 47304K [0x00000000e0000000, 0x0000000100000000)
  region size 1024K, 8 young (8192K), 8 survivors (8192K)
 Metaspace       used 59782K, committed 61760K, reserved 393216K
  class space    used 8897K, committed 9856K, reserved 327680K
}
Event: 265.515 GC heap before
{Heap before GC invocations=15 (full 0):
 garbage-first heap   total reserved 524288K, committed 262144K, used 194760K [0x00000000e0000000, 0x0000000100000000)
  region size 1024K, 153 young (156672K), 8 survivors (8192K)
 Metaspace       used 67409K, committed 69568K, reserved 393216K
  class space    used 10056K, committed 11072K, reserved 327680K
}
Event: 265.610 GC heap after
{Heap after GC invocations=16 (full 0):
 garbage-first heap   total reserved 524288K, committed 262144K, used 63093K [0x00000000e0000000, 0x0000000100000000)
  region size 1024K, 20 young (20480K), 20 survivors (20480K)
 Metaspace       used 67409K, committed 69568K, reserved 393216K
  class space    used 10056K, committed 11072K, reserved 327680K
}
Event: 729.214 GC heap before
{Heap before GC invocations=16 (full 0):
 garbage-first heap   total reserved 524288K, committed 262144K, used 198261K [0x00000000e0000000, 0x0000000100000000)
  region size 1024K, 153 young (156672K), 20 survivors (20480K)
 Metaspace       used 75526K, committed 77696K, reserved 458752K
  class space    used 11059K, committed 12096K, reserved 327680K
}
Event: 729.341 GC heap after
{Heap after GC invocations=17 (full 0):
 garbage-first heap   total reserved 524288K, committed 262144K, used 64369K [0x00000000e0000000, 0x0000000100000000)
  region size 1024K, 5 young (5120K), 5 survivors (5120K)
 Metaspace       used 75526K, committed 77696K, reserved 458752K
  class space    used 11059K, committed 12096K, reserved 327680K
}
Event: 3115.297 GC heap before
{Heap before GC invocations=17 (full 0):
 garbage-first heap   total reserved 524288K, committed 262144K, used 209777K [0x00000000e0000000, 0x0000000100000000)
  region size 1024K, 147 young (150528K), 5 survivors (5120K)
 Metaspace       used 76315K, committed 78528K, reserved 458752K
  class space    used 11061K, committed 12096K, reserved 327680K
}
Event: 3115.371 GC heap after
{Heap after GC invocations=18 (full 0):
 garbage-first heap   total reserved 524288K, committed 262144K, used 61297K [0x00000000e0000000, 0x0000000100000000)
  region size 1024K, 2 young (2048K), 2 survivors (2048K)
 Metaspace       used 76315K, committed 78528K, reserved 458752K
  class space    used 11061K, committed 12096K, reserved 327680K
}
Event: 3119.360 GC heap before
{Heap before GC invocations=18 (full 0):
 garbage-first heap   total reserved 524288K, committed 262144K, used 214897K [0x00000000e0000000, 0x0000000100000000)
  region size 1024K, 153 young (156672K), 2 survivors (2048K)
 Metaspace       used 77593K, committed 79808K, reserved 458752K
  class space    used 11192K, committed 12224K, reserved 327680K
}
Event: 3119.389 GC heap after
{Heap after GC invocations=19 (full 0):
 garbage-first heap   total reserved 524288K, committed 262144K, used 68465K [0x00000000e0000000, 0x0000000100000000)
  region size 1024K, 9 young (9216K), 9 survivors (9216K)
 Metaspace       used 77593K, committed 79808K, reserved 458752K
  class space    used 11192K, committed 12224K, reserved 327680K
}
Event: 3121.904 GC heap before
{Heap before GC invocations=20 (full 0):
 garbage-first heap   total reserved 524288K, committed 262144K, used 197489K [0x00000000e0000000, 0x0000000100000000)
  region size 1024K, 135 young (138240K), 9 survivors (9216K)
 Metaspace       used 75510K, committed 79808K, reserved 458752K
  class space    used 10653K, committed 12224K, reserved 327680K
}
Event: 3121.935 GC heap after
{Heap after GC invocations=21 (full 0):
 garbage-first heap   total reserved 524288K, committed 262144K, used 77824K [0x00000000e0000000, 0x0000000100000000)
  region size 1024K, 17 young (17408K), 17 survivors (17408K)
 Metaspace       used 75510K, committed 79808K, reserved 458752K
  class space    used 10653K, committed 12224K, reserved 327680K
}
Event: 3735.651 GC heap before
{Heap before GC invocations=21 (full 0):
 garbage-first heap   total reserved 524288K, committed 262144K, used 216064K [0x00000000e0000000, 0x0000000100000000)
  region size 1024K, 153 young (156672K), 17 survivors (17408K)
 Metaspace       used 76591K, committed 79872K, reserved 458752K
  class space    used 10725K, committed 12224K, reserved 327680K
}
Event: 3735.879 GC heap after
{Heap after GC invocations=22 (full 0):
 garbage-first heap   total reserved 524288K, committed 262144K, used 74286K [0x00000000e0000000, 0x0000000100000000)
  region size 1024K, 11 young (11264K), 11 survivors (11264K)
 Metaspace       used 76591K, committed 79872K, reserved 458752K
  class space    used 10725K, committed 12224K, reserved 327680K
}

Dll operation events (15 events):
Event: 0.236 Loaded shared library C:\Program Files\Java\jdk-23\bin\java.dll
Event: 0.317 Loaded shared library C:\Program Files\Java\jdk-23\bin\jsvml.dll
Event: 0.401 Loaded shared library C:\Program Files\Java\jdk-23\bin\zip.dll
Event: 0.405 Loaded shared library C:\Program Files\Java\jdk-23\bin\instrument.dll
Event: 0.410 Loaded shared library C:\Program Files\Java\jdk-23\bin\net.dll
Event: 0.413 Loaded shared library C:\Program Files\Java\jdk-23\bin\nio.dll
Event: 0.425 Loaded shared library C:\Program Files\Java\jdk-23\bin\zip.dll
Event: 0.938 Loaded shared library C:\Program Files\Java\jdk-23\bin\jimage.dll
Event: 2.745 Loaded shared library C:\Program Files\Java\jdk-23\bin\verify.dll
Event: 3.696 Loaded shared library C:\Users\79961\.gradle\native\c067742578af261105cb4f569cf0c3c89f3d7b1fecec35dd04571415982c5e48\windows-amd64\native-platform.dll
Event: 3.703 Loaded shared library C:\Users\79961\.gradle\native\100fb08df4bc3b14c8652ba06237920a3bd2aa13389f12d3474272988ae205f9\windows-amd64\native-platform-file-events.dll
Event: 6.298 Loaded shared library C:\Program Files\Java\jdk-23\bin\management.dll
Event: 6.302 Loaded shared library C:\Program Files\Java\jdk-23\bin\management_ext.dll
Event: 6.757 Loaded shared library C:\Program Files\Java\jdk-23\bin\extnet.dll
Event: 7.017 Loaded shared library C:\Program Files\Java\jdk-23\bin\sunmscapi.dll

Deoptimization events (20 events):
Event: 3737.426 Thread 0x00000154ce1441b0 DEOPT PACKING pc=0x00000154a056d1f3 sp=0x00000052039f81e0
Event: 3737.426 Thread 0x00000154ce1441b0 DEOPT UNPACKING pc=0x00000154a74784c2 sp=0x00000052039f7778 mode 0
Event: 3737.479 Thread 0x00000154ce1441b0 DEOPT PACKING pc=0x000001549ffb56cb sp=0x00000052039f80f0
Event: 3737.479 Thread 0x00000154ce1441b0 DEOPT UNPACKING pc=0x00000154a74784c2 sp=0x00000052039f7608 mode 0
Event: 3737.590 Thread 0x00000154ce1441b0 DEOPT PACKING pc=0x00000154a0d576b6 sp=0x00000052039f85a0
Event: 3737.590 Thread 0x00000154ce1441b0 DEOPT UNPACKING pc=0x00000154a74784c2 sp=0x00000052039f7ae8 mode 0
Event: 3737.822 Thread 0x00000154ce1441b0 DEOPT PACKING pc=0x00000154a12ee40e sp=0x00000052039f9c40
Event: 3737.822 Thread 0x00000154ce1441b0 DEOPT UNPACKING pc=0x00000154a74784c2 sp=0x00000052039f9198 mode 0
Event: 3737.848 Thread 0x00000154ce1441b0 Uncommon trap: trap_request=0xffffff45 fr.pc=0x00000154a8055414 relative=0x0000000000000e74
Event: 3737.848 Thread 0x00000154ce1441b0 Uncommon trap: reason=unstable_if action=reinterpret pc=0x00000154a8055414 method=org.gradle.api.internal.tasks.compile.incremental.deps.ClassSetAnalysisData.getForwardDependencyView()Lcom/google/common/collect/Multimap; @ 36 c2
Event: 3737.848 Thread 0x00000154ce1441b0 DEOPT PACKING pc=0x00000154a8055414 sp=0x00000052039f9cd0
Event: 3737.848 Thread 0x00000154ce1441b0 DEOPT UNPACKING pc=0x00000154a7477982 sp=0x00000052039f9ca0 mode 2
Event: 3863.288 Thread 0x00000154cf99b540 Uncommon trap: trap_request=0xffffffd6 fr.pc=0x00000154a8107628 relative=0x0000000000003108
Event: 3863.288 Thread 0x00000154cf99b540 Uncommon trap: reason=array_check action=maybe_recompile pc=0x00000154a8107628 method=java.util.TimSort.reverseRange([Ljava/lang/Object;II)V @ 27 c2
Event: 3863.288 Thread 0x00000154cf99b540 DEOPT PACKING pc=0x00000154a8107628 sp=0x0000005201ff61c0
Event: 3863.288 Thread 0x00000154cf99b540 DEOPT UNPACKING pc=0x00000154a7477982 sp=0x0000005201ff6030 mode 2
Event: 3863.297 Thread 0x00000154cf99b540 Uncommon trap: trap_request=0xffffffd6 fr.pc=0x00000154a8107628 relative=0x0000000000003108
Event: 3863.297 Thread 0x00000154cf99b540 Uncommon trap: reason=array_check action=maybe_recompile pc=0x00000154a8107628 method=java.util.TimSort.reverseRange([Ljava/lang/Object;II)V @ 27 c2
Event: 3863.297 Thread 0x00000154cf99b540 DEOPT PACKING pc=0x00000154a8107628 sp=0x0000005201ff8770
Event: 3863.297 Thread 0x00000154cf99b540 DEOPT UNPACKING pc=0x00000154a7477982 sp=0x0000005201ff85e0 mode 2

Classes loaded (20 events):
Event: 274.957 Loading class java/util/EnumMap$EntryIterator
Event: 274.957 Loading class java/util/EnumMap$EntryIterator done
Event: 274.957 Loading class java/util/EnumMap$EntryIterator$Entry
Event: 274.958 Loading class java/util/EnumMap$EntryIterator$Entry done
Event: 275.018 Loading class java/text/BreakIterator
Event: 275.019 Loading class java/text/BreakIterator done
Event: 275.064 Loading class java/util/function/ToIntBiFunction
Event: 275.065 Loading class java/util/function/ToIntBiFunction done
Event: 275.073 Loading class sun/nio/ch/ChannelOutputStream
Event: 275.074 Loading class sun/nio/ch/ChannelOutputStream done
Event: 3116.918 Loading class java/util/zip/ZipFile$ZipEntryIterator
Event: 3116.920 Loading class java/util/zip/ZipFile$ZipEntryIterator done
Event: 3118.135 Loading class java/io/SequenceInputStream
Event: 3118.136 Loading class java/io/SequenceInputStream done
Event: 3118.242 Loading class java/util/function/IntUnaryOperator
Event: 3118.243 Loading class java/util/function/IntUnaryOperator done
Event: 3118.248 Loading class java/util/Collections$UnmodifiableSortedMap
Event: 3118.248 Loading class java/util/Collections$UnmodifiableSortedMap done
Event: 3122.687 Loading class java/nio/file/Path$1
Event: 3122.688 Loading class java/nio/file/Path$1 done

Classes unloaded (20 events):
Event: 3119.955 Thread 0x00000154b1ee0c70 Unloading class 0x00000154b30c4400 'java/lang/invoke/LambdaForm$MH+0x00000154b30c4400'
Event: 3119.955 Thread 0x00000154b1ee0c70 Unloading class 0x00000154b30b1000 'java/lang/invoke/LambdaForm$MH+0x00000154b30b1000'
Event: 3119.955 Thread 0x00000154b1ee0c70 Unloading class 0x00000154b30b0c00 'java/lang/invoke/LambdaForm$MH+0x00000154b30b0c00'
Event: 3119.955 Thread 0x00000154b1ee0c70 Unloading class 0x00000154b30b0800 'java/lang/invoke/LambdaForm$MH+0x00000154b30b0800'
Event: 3119.955 Thread 0x00000154b1ee0c70 Unloading class 0x00000154b3099c00 'java/lang/invoke/LambdaForm$MH+0x00000154b3099c00'
Event: 3119.955 Thread 0x00000154b1ee0c70 Unloading class 0x00000154b3099800 'java/lang/invoke/LambdaForm$MH+0x00000154b3099800'
Event: 3119.955 Thread 0x00000154b1ee0c70 Unloading class 0x00000154b3099000 'java/lang/invoke/LambdaForm$MH+0x00000154b3099000'
Event: 3119.955 Thread 0x00000154b1ee0c70 Unloading class 0x00000154b3098c00 'java/lang/invoke/LambdaForm$MH+0x00000154b3098c00'
Event: 3119.955 Thread 0x00000154b1ee0c70 Unloading class 0x00000154b3098000 'java/lang/invoke/LambdaForm$MH+0x00000154b3098000'
Event: 3119.956 Thread 0x00000154b1ee0c70 Unloading class 0x00000154b3080000 'java/lang/invoke/LambdaForm$DMH+0x00000154b3080000'
Event: 3119.956 Thread 0x00000154b1ee0c70 Unloading class 0x00000154b3032400 'java/lang/invoke/LambdaForm$MH+0x00000154b3032400'
Event: 3119.956 Thread 0x00000154b1ee0c70 Unloading class 0x00000154b3032000 'java/lang/invoke/LambdaForm$MH+0x00000154b3032000'
Event: 3119.956 Thread 0x00000154b1ee0c70 Unloading class 0x00000154b3030000 'java/lang/invoke/LambdaForm$MH+0x00000154b3030000'
Event: 3119.956 Thread 0x00000154b1ee0c70 Unloading class 0x00000154b3019800 'java/lang/invoke/LambdaForm$MH+0x00000154b3019800'
Event: 3119.956 Thread 0x00000154b1ee0c70 Unloading class 0x00000154b3019400 'java/lang/invoke/LambdaForm$MH+0x00000154b3019400'
Event: 3119.956 Thread 0x00000154b1ee0c70 Unloading class 0x00000154b3018000 'java/lang/invoke/LambdaForm$MH+0x00000154b3018000'
Event: 3119.956 Thread 0x00000154b1ee0c70 Unloading class 0x00000154b3002000 'java/lang/invoke/LambdaForm$MH+0x00000154b3002000'
Event: 3119.956 Thread 0x00000154b1ee0c70 Unloading class 0x00000154b3001c00 'java/lang/invoke/LambdaForm$MH+0x00000154b3001c00'
Event: 3119.956 Thread 0x00000154b1ee0c70 Unloading class 0x00000154b3001800 'java/lang/invoke/LambdaForm$MH+0x00000154b3001800'
Event: 3119.956 Thread 0x00000154b1ee0c70 Unloading class 0x00000154b3001000 'java/lang/invoke/LambdaForm$MH+0x00000154b3001000'

Classes redefined (0 events):
No events

Internal exceptions (20 events):
Event: 3737.522 Thread 0x00000154ce1441b0 Exception <a 'sun/nio/fs/WindowsException'{0x00000000ebc60920}> (0x00000000ebc60920) 
thrown [s\open\src\hotspot\share\prims\jni.cpp, line 520]
Event: 3737.533 Thread 0x00000154ce1441b0 Exception <a 'sun/nio/fs/WindowsException'{0x00000000ebcb59e0}> (0x00000000ebcb59e0) 
thrown [s\open\src\hotspot\share\prims\jni.cpp, line 520]
Event: 3737.576 Thread 0x00000154ce1441b0 Exception <a 'sun/nio/fs/WindowsException'{0x00000000eb732608}> (0x00000000eb732608) 
thrown [s\open\src\hotspot\share\prims\jni.cpp, line 520]
Event: 3737.577 Thread 0x00000154ce1441b0 Exception <a 'sun/nio/fs/WindowsException'{0x00000000eb7377d8}> (0x00000000eb7377d8) 
thrown [s\open\src\hotspot\share\prims\jni.cpp, line 520]
Event: 3737.577 Thread 0x00000154ce1441b0 Exception <a 'sun/nio/fs/WindowsException'{0x00000000eb73a6b8}> (0x00000000eb73a6b8) 
thrown [s\open\src\hotspot\share\prims\jni.cpp, line 520]
Event: 3737.579 Thread 0x00000154ce1441b0 Exception <a 'sun/nio/fs/WindowsException'{0x00000000eb75aeb0}> (0x00000000eb75aeb0) 
thrown [s\open\src\hotspot\share\prims\jni.cpp, line 520]
Event: 3737.583 Thread 0x00000154ce1441b0 Exception <a 'sun/nio/fs/WindowsException'{0x00000000eb7a0c98}> (0x00000000eb7a0c98) 
thrown [s\open\src\hotspot\share\prims\jni.cpp, line 520]
Event: 3737.584 Thread 0x00000154ce1441b0 Exception <a 'sun/nio/fs/WindowsException'{0x00000000eb7bcec8}> (0x00000000eb7bcec8) 
thrown [s\open\src\hotspot\share\prims\jni.cpp, line 520]
Event: 3737.638 Thread 0x00000154ce1441b0 Exception <a 'sun/nio/fs/WindowsException'{0x00000000eb5eb2f0}> (0x00000000eb5eb2f0) 
thrown [s\open\src\hotspot\share\prims\jni.cpp, line 520]
Event: 3737.648 Thread 0x00000154ce1441b0 Exception <a 'sun/nio/fs/WindowsException'{0x00000000eb30edf0}> (0x00000000eb30edf0) 
thrown [s\open\src\hotspot\share\prims\jni.cpp, line 520]
Event: 3737.650 Thread 0x00000154ce1441b0 Exception <a 'sun/nio/fs/WindowsException'{0x00000000eb31aac8}> (0x00000000eb31aac8) 
thrown [s\open\src\hotspot\share\prims\jni.cpp, line 520]
Event: 3737.654 Thread 0x00000154ce1441b0 Exception <a 'sun/nio/fs/WindowsException'{0x00000000eb386100}> (0x00000000eb386100) 
thrown [s\open\src\hotspot\share\prims\jni.cpp, line 520]
Event: 3737.677 Thread 0x00000154ce1441b0 Exception <a 'sun/nio/fs/WindowsException'{0x00000000eb2d2f38}> (0x00000000eb2d2f38) 
thrown [s\open\src\hotspot\share\prims\jni.cpp, line 520]
Event: 3737.708 Thread 0x00000154ce1441b0 Exception <a 'sun/nio/fs/WindowsException'{0x00000000eb02a928}> (0x00000000eb02a928) 
thrown [s\open\src\hotspot\share\prims\jni.cpp, line 520]
Event: 3737.728 Thread 0x00000154ce1441b0 Exception <a 'sun/nio/fs/WindowsException'{0x00000000eb070e80}> (0x00000000eb070e80) 
thrown [s\open\src\hotspot\share\prims\jni.cpp, line 520]
Event: 3863.357 Thread 0x00000154cf99b540 Exception <a 'sun/nio/fs/WindowsException'{0x00000000ea0a2408}> (0x00000000ea0a2408) 
thrown [s\open\src\hotspot\share\prims\jni.cpp, line 520]
Event: 3863.358 Thread 0x00000154cf99b540 Exception <a 'sun/nio/fs/WindowsException'{0x00000000ea0a38e8}> (0x00000000ea0a38e8) 
thrown [s\open\src\hotspot\share\prims\jni.cpp, line 520]
Event: 3863.359 Thread 0x00000154cf99b540 Exception <a 'sun/nio/fs/WindowsException'{0x00000000ea0a4db8}> (0x00000000ea0a4db8) 
thrown [s\open\src\hotspot\share\prims\jni.cpp, line 520]
Event: 3863.359 Thread 0x00000154cf99b540 Exception <a 'sun/nio/fs/WindowsException'{0x00000000ea0a5e80}> (0x00000000ea0a5e80) 
thrown [s\open\src\hotspot\share\prims\jni.cpp, line 520]
Event: 3863.700 Thread 0x00000154ce141a50 Exception <a 'java/lang/OutOfMemoryError'{0x00000000e8db6fd8}: unable to create native thread: possibly out of memory or process/resource limits reached> (0x00000000e8db6fd8) 
thrown [s\open\src\hotspot\share\prims\jvm.cpp, line 3032]

VM Operations (20 events):
Event: 3122.799 Executing VM operation: HandshakeAllThreads (Deoptimize)
Event: 3122.799 Executing VM operation: HandshakeAllThreads (Deoptimize) done
Event: 3126.715 Executing VM operation: HandshakeAllThreads (HandshakeForDeflation)
Event: 3126.715 Executing VM operation: HandshakeAllThreads (HandshakeForDeflation) done
Event: 3126.715 Executing VM operation: RendezvousGCThreads
Event: 3126.715 Executing VM operation: RendezvousGCThreads done
Event: 3547.557 Executing VM operation: HandshakeAllThreads (HandshakeForDeflation)
Event: 3547.557 Executing VM operation: HandshakeAllThreads (HandshakeForDeflation) done
Event: 3547.557 Executing VM operation: RendezvousGCThreads
Event: 3547.557 Executing VM operation: RendezvousGCThreads done
Event: 3669.003 Executing VM operation: HandshakeAllThreads (HandshakeForDeflation)
Event: 3669.007 Executing VM operation: HandshakeAllThreads (HandshakeForDeflation) done
Event: 3669.015 Executing VM operation: RendezvousGCThreads
Event: 3669.015 Executing VM operation: RendezvousGCThreads done
Event: 3735.649 Executing VM operation: G1CollectForAllocation (G1 Evacuation Pause)
Event: 3735.879 Executing VM operation: G1CollectForAllocation (G1 Evacuation Pause) done
Event: 3787.773 Executing VM operation: HandshakeAllThreads (HandshakeForDeflation)
Event: 3787.773 Executing VM operation: HandshakeAllThreads (HandshakeForDeflation) done
Event: 3787.773 Executing VM operation: RendezvousGCThreads
Event: 3787.776 Executing VM operation: RendezvousGCThreads done

Memory protections (0 events):
No events

Nmethod flushes (20 events):
Event: 3120.215 Thread 0x00000154b1ee0c70 flushing  nmethod 0x00000154a05f7588
Event: 3120.215 Thread 0x00000154b1ee0c70 flushing  nmethod 0x00000154a0622e08
Event: 3120.215 Thread 0x00000154b1ee0c70 flushing  nmethod 0x00000154a0625d08
Event: 3120.215 Thread 0x00000154b1ee0c70 flushing  nmethod 0x00000154a064a488
Event: 3120.215 Thread 0x00000154b1ee0c70 flushing  nmethod 0x00000154a0679108
Event: 3120.215 Thread 0x00000154b1ee0c70 flushing  nmethod 0x00000154a06bd108
Event: 3120.216 Thread 0x00000154b1ee0c70 flushing  nmethod 0x00000154a06be808
Event: 3120.216 Thread 0x00000154b1ee0c70 flushing  nmethod 0x00000154a06c0208
Event: 3120.216 Thread 0x00000154b1ee0c70 flushing  nmethod 0x00000154a06dab08
Event: 3120.216 Thread 0x00000154b1ee0c70 flushing  nmethod 0x00000154a06dae88
Event: 3120.216 Thread 0x00000154b1ee0c70 flushing  nmethod 0x00000154a06db408
Event: 3120.216 Thread 0x00000154b1ee0c70 flushing  nmethod 0x00000154a06db788
Event: 3120.216 Thread 0x00000154b1ee0c70 flushing  nmethod 0x00000154a06dc308
Event: 3120.216 Thread 0x00000154b1ee0c70 flushing  nmethod 0x00000154a07ab188
Event: 3120.216 Thread 0x00000154b1ee0c70 flushing  nmethod 0x00000154a07b8488
Event: 3120.216 Thread 0x00000154b1ee0c70 flushing  nmethod 0x00000154a0811108
Event: 3120.216 Thread 0x00000154b1ee0c70 flushing  nmethod 0x00000154a0811d08
Event: 3120.216 Thread 0x00000154b1ee0c70 flushing  nmethod 0x00000154a0816588
Event: 3120.216 Thread 0x00000154b1ee0c70 flushing  nmethod 0x00000154a0823488
Event: 3120.216 Thread 0x00000154b1ee0c70 flushing  nmethod 0x00000154a0827d88

Events (20 events):
Event: 3799.610 Thread 0x00000154cf99aeb0 Thread exited: 0x00000154cf99aeb0
Event: 3862.816 Thread 0x00000154ccc7b750 Thread added: 0x00000154cf999470
Event: 3862.822 Thread 0x00000154cf999470 Thread added: 0x00000154cf996d10
Event: 3862.853 Thread 0x00000154cf999470 Thread added: 0x00000154cf999b00
Event: 3862.912 Thread 0x00000154cf999470 Thread added: 0x00000154cf99b540
Event: 3862.938 Thread 0x00000154cf99b540 Thread added: 0x00000154cf99aeb0
Event: 3862.952 Thread 0x00000154cf99b540 Thread added: 0x00000154cf997a30
Event: 3862.953 Thread 0x00000154cf99b540 Thread added: 0x00000154cf99c260
Event: 3863.074 Thread 0x00000154cf99b540 Thread added: 0x00000154cf99a190
Event: 3863.104 Thread 0x00000154cf99b540 Thread added: 0x00000154cf99c8f0
Event: 3863.184 Thread 0x00000154cf99b540 Thread added: 0x00000154ce145bf0
Event: 3863.197 Thread 0x00000154cf99b540 Thread added: 0x00000154ce13ec60
Event: 3863.202 Thread 0x00000154cf99b540 Thread added: 0x00000154ce146280
Event: 3863.298 Thread 0x00000154cf99b540 Thread added: 0x00000154ce13f2f0
Event: 3863.339 Thread 0x00000154cf99b540 Thread added: 0x00000154ce13f980
Event: 3863.340 Thread 0x00000154cf99b540 Thread added: 0x00000154ce1413c0
Event: 3863.664 Thread 0x00000154cf99b540 Thread added: 0x00000154ce140d30
Event: 3863.665 Thread 0x00000154cf99b540 Thread added: 0x00000154ce140010
Event: 3863.665 Thread 0x00000154ce140d30 Thread added: 0x00000154ce143b20
Event: 3863.697 Thread 0x00000154cf99b540 Thread added: 0x00000154ce141a50


Dynamic libraries:
0x00007ff7cb6c0000 - 0x00007ff7cb6d0000 	C:\Program Files\Java\jdk-23\bin\java.exe
0x00007ffa2ad10000 - 0x00007ffa2af08000 	C:\Windows\SYSTEM32\ntdll.dll
0x00007ffa28d90000 - 0x00007ffa28e52000 	C:\Windows\System32\KERNEL32.DLL
0x00007ffa28890000 - 0x00007ffa28b86000 	C:\Windows\System32\KERNELBASE.dll
0x00007ffa28c30000 - 0x00007ffa28d30000 	C:\Windows\System32\ucrtbase.dll
0x00007ffa11460000 - 0x00007ffa11477000 	C:\Program Files\Java\jdk-23\bin\jli.dll
0x00007ffa29c10000 - 0x00007ffa29dad000 	C:\Windows\System32\USER32.dll
0x00007ffa28430000 - 0x00007ffa28452000 	C:\Windows\System32\win32u.dll
0x00007ffa29400000 - 0x00007ffa2942b000 	C:\Windows\System32\GDI32.dll
0x00007ffa28560000 - 0x00007ffa2867a000 	C:\Windows\System32\gdi32full.dll
0x00007ffa28b90000 - 0x00007ffa28c2d000 	C:\Windows\System32\msvcp_win.dll
0x00007ffa123d0000 - 0x00007ffa1266a000 	C:\Windows\WinSxS\amd64_microsoft.windows.common-controls_6595b64144ccf1df_6.0.19041.4355_none_60b8b9eb71f62e16\COMCTL32.dll
0x00007ffa29550000 - 0x00007ffa295ee000 	C:\Windows\System32\msvcrt.dll
0x00007ffa11770000 - 0x00007ffa1178b000 	C:\Program Files\Java\jdk-23\bin\VCRUNTIME140.dll
0x00007ffa29440000 - 0x00007ffa2946f000 	C:\Windows\System32\IMM32.DLL
0x00007ffa221d0000 - 0x00007ffa221dc000 	C:\Program Files\Java\jdk-23\bin\vcruntime140_1.dll
0x00007ff9fbba0000 - 0x00007ff9fbc2e000 	C:\Program Files\Java\jdk-23\bin\msvcp140.dll
0x00007ff98dd10000 - 0x00007ff98ea5f000 	C:\Program Files\Java\jdk-23\bin\server\jvm.dll
0x00007ffa29f00000 - 0x00007ffa29faf000 	C:\Windows\System32\ADVAPI32.dll
0x00007ffa29db0000 - 0x00007ffa29e4f000 	C:\Windows\System32\sechost.dll
0x00007ffa295f0000 - 0x00007ffa29713000 	C:\Windows\System32\RPCRT4.dll
0x00007ffa284e0000 - 0x00007ffa28507000 	C:\Windows\System32\bcrypt.dll
0x00007ffa2ac60000 - 0x00007ffa2accb000 	C:\Windows\System32\WS2_32.dll
0x00007ffa27930000 - 0x00007ffa2797b000 	C:\Windows\SYSTEM32\POWRPROF.dll
0x00007ffa12360000 - 0x00007ffa12387000 	C:\Windows\SYSTEM32\WINMM.dll
0x00007ffa1fd30000 - 0x00007ffa1fd3a000 	C:\Windows\SYSTEM32\VERSION.dll
0x00007ffa277a0000 - 0x00007ffa277b2000 	C:\Windows\SYSTEM32\UMPDC.dll
0x00007ffa261c0000 - 0x00007ffa261d2000 	C:\Windows\SYSTEM32\kernel.appcore.dll
0x00007ffa11750000 - 0x00007ffa1175a000 	C:\Program Files\Java\jdk-23\bin\jimage.dll
0x00007ffa25a60000 - 0x00007ffa25c44000 	C:\Windows\SYSTEM32\DBGHELP.DLL
0x00007ffa10a40000 - 0x00007ffa10a74000 	C:\Windows\SYSTEM32\dbgcore.DLL
0x00007ffa283a0000 - 0x00007ffa28422000 	C:\Windows\System32\bcryptPrimitives.dll
0x00007ffa0ff90000 - 0x00007ffa0ff9f000 	C:\Program Files\Java\jdk-23\bin\instrument.dll
0x00007ffa0d8b0000 - 0x00007ffa0d8ce000 	C:\Program Files\Java\jdk-23\bin\java.dll
0x00007ffa2aab0000 - 0x00007ffa2abdb000 	C:\Windows\System32\ole32.dll
0x00007ffa29850000 - 0x00007ffa29ba5000 	C:\Windows\System32\combase.dll
0x00007ffa2a030000 - 0x00007ffa2a79f000 	C:\Windows\System32\SHELL32.dll
0x00007ffa263e0000 - 0x00007ffa26b83000 	C:\Windows\SYSTEM32\windows.storage.dll
0x00007ffa27dd0000 - 0x00007ffa27dfb000 	C:\Windows\SYSTEM32\Wldp.dll
0x00007ffa2a9e0000 - 0x00007ffa2aaad000 	C:\Windows\System32\OLEAUT32.dll
0x00007ffa29e50000 - 0x00007ffa29efd000 	C:\Windows\System32\SHCORE.dll
0x00007ffa292f0000 - 0x00007ffa29345000 	C:\Windows\System32\shlwapi.dll
0x00007ffa282d0000 - 0x00007ffa282f5000 	C:\Windows\SYSTEM32\profapi.dll
0x00007ff9f5d80000 - 0x00007ff9f5e57000 	C:\Program Files\Java\jdk-23\bin\jsvml.dll
0x00007ffa08fe0000 - 0x00007ffa08ff7000 	C:\Program Files\Java\jdk-23\bin\zip.dll
0x00007ffa0ff80000 - 0x00007ffa0ff90000 	C:\Program Files\Java\jdk-23\bin\net.dll
0x00007ffa27b30000 - 0x00007ffa27b9c000 	C:\Windows\system32\mswsock.dll
0x00007ffa08e60000 - 0x00007ffa08e76000 	C:\Program Files\Java\jdk-23\bin\nio.dll
0x00007ffa0d8a0000 - 0x00007ffa0d8b0000 	C:\Program Files\Java\jdk-23\bin\verify.dll
0x00007ffa11620000 - 0x00007ffa11647000 	C:\Users\79961\.gradle\native\c067742578af261105cb4f569cf0c3c89f3d7b1fecec35dd04571415982c5e48\windows-amd64\native-platform.dll
0x00007ff9eb2b0000 - 0x00007ff9eb3f4000 	C:\Users\79961\.gradle\native\100fb08df4bc3b14c8652ba06237920a3bd2aa13389f12d3474272988ae205f9\windows-amd64\native-platform-file-events.dll
0x00007ffa08e50000 - 0x00007ffa08e5a000 	C:\Program Files\Java\jdk-23\bin\management.dll
0x00007ffa08e40000 - 0x00007ffa08e4b000 	C:\Program Files\Java\jdk-23\bin\management_ext.dll
0x00007ffa28e60000 - 0x00007ffa28e68000 	C:\Windows\System32\PSAPI.DLL
0x00007ffa27d30000 - 0x00007ffa27d48000 	C:\Windows\SYSTEM32\CRYPTSP.dll
0x00007ffa273b0000 - 0x00007ffa273e8000 	C:\Windows\system32\rsaenh.dll
0x00007ffa28290000 - 0x00007ffa282be000 	C:\Windows\SYSTEM32\USERENV.dll
0x00007ffa27d20000 - 0x00007ffa27d2c000 	C:\Windows\SYSTEM32\CRYPTBASE.dll
0x00007ffa277c0000 - 0x00007ffa277fb000 	C:\Windows\SYSTEM32\IPHLPAPI.DLL
0x00007ffa29430000 - 0x00007ffa29438000 	C:\Windows\System32\NSI.dll
0x00007ffa07e10000 - 0x00007ffa07e19000 	C:\Program Files\Java\jdk-23\bin\extnet.dll
0x00007ffa07e00000 - 0x00007ffa07e0e000 	C:\Program Files\Java\jdk-23\bin\sunmscapi.dll
0x00007ffa28680000 - 0x00007ffa287dd000 	C:\Windows\System32\CRYPT32.dll
0x00007ffa27e40000 - 0x00007ffa27e67000 	C:\Windows\SYSTEM32\ncrypt.dll
0x00007ffa27e00000 - 0x00007ffa27e3b000 	C:\Windows\SYSTEM32\NTASN1.dll
0x00007ff9b70a0000 - 0x00007ff9b70a7000 	C:\Windows\system32\wshunix.dll

dbghelp: loaded successfully - version: 4.0.5 - missing functions: none
symbol engine: initialized successfully - sym options: 0x614 - pdb path: .;C:\Program Files\Java\jdk-23\bin;C:\Windows\SYSTEM32;C:\Windows\WinSxS\amd64_microsoft.windows.common-controls_6595b64144ccf1df_6.0.19041.4355_none_60b8b9eb71f62e16;C:\Program Files\Java\jdk-23\bin\server;C:\Users\79961\.gradle\native\c067742578af261105cb4f569cf0c3c89f3d7b1fecec35dd04571415982c5e48\windows-amd64;C:\Users\79961\.gradle\native\100fb08df4bc3b14c8652ba06237920a3bd2aa13389f12d3474272988ae205f9\windows-amd64

VM Arguments:
jvm_args: --add-opens=java.base/java.util=ALL-UNNAMED --add-opens=java.base/java.lang=ALL-UNNAMED --add-opens=java.base/java.lang.invoke=ALL-UNNAMED --add-opens=java.prefs/java.util.prefs=ALL-UNNAMED --add-exports=jdk.compiler/com.sun.tools.javac.api=ALL-UNNAMED --add-exports=jdk.compiler/com.sun.tools.javac.util=ALL-UNNAMED --add-opens=java.base/java.nio.charset=ALL-UNNAMED --add-opens=java.base/java.net=ALL-UNNAMED --add-opens=java.base/java.util.concurrent.atomic=ALL-UNNAMED -XX:MaxMetaspaceSize=384m -XX:+HeapDumpOnOutOfMemoryError -Xms256m -Xmx512m -Dfile.encoding=UTF-8 -Duser.country=RU -Duser.language=ru -Duser.variant -javaagent:C:\Users\79961\.gradle\wrapper\dists\gradle-8.10-bin\deqhafrv1ntovfmgh0nh3npr9\gradle-8.10\lib\agents\gradle-instrumentation-agent-8.10.jar 
java_command: org.gradle.launcher.daemon.bootstrap.GradleDaemon 8.10
java_class_path (initial): C:\Users\79961\.gradle\wrapper\dists\gradle-8.10-bin\deqhafrv1ntovfmgh0nh3npr9\gradle-8.10\lib\gradle-daemon-main-8.10.jar
Launcher Type: SUN_STANDARD

[Global flags]
     intx CICompilerCount                          = 3                                         {product} {ergonomic}
   size_t CompressedClassSpaceSize                 = 335544320                                 {product} {ergonomic}
     uint ConcGCThreads                            = 1                                         {product} {ergonomic}
     uint G1ConcRefinementThreads                  = 4                                         {product} {ergonomic}
   size_t G1HeapRegionSize                         = 1048576                                   {product} {ergonomic}
     bool HeapDumpOnOutOfMemoryError               = true                                   {manageable} {command line}
   size_t InitialHeapSize                          = 268435456                                 {product} {command line}
   size_t MarkStackSize                            = 4194304                                   {product} {ergonomic}
   size_t MarkStackSizeMax                         = 536870912                                 {product} {ergonomic}
   size_t MaxHeapSize                              = 536870912                                 {product} {command line}
   size_t MaxMetaspaceSize                         = 402653184                                 {product} {command line}
   size_t MaxNewSize                               = 321912832                                 {product} {ergonomic}
   size_t MinHeapDeltaBytes                        = 1048576                                   {product} {ergonomic}
   size_t MinHeapSize                              = 268435456                                 {product} {command line}
    uintx NonNMethodCodeHeapSize                   = 5832704                                {pd product} {ergonomic}
    uintx NonProfiledCodeHeapSize                  = 122945536                              {pd product} {ergonomic}
    uintx ProfiledCodeHeapSize                     = 122880000                              {pd product} {ergonomic}
    uintx ReservedCodeCacheSize                    = 251658240                              {pd product} {ergonomic}
     bool SegmentedCodeCache                       = true                                      {product} {ergonomic}
   size_t SoftMaxHeapSize                          = 536870912                              {manageable} {ergonomic}
     bool UseCompressedOops                        = true                           {product lp64_product} {ergonomic}
     bool UseG1GC                                  = true                                      {product} {ergonomic}
     bool UseLargePagesIndividualAllocation        = false                                  {pd product} {ergonomic}

Logging:
Log output configuration:
 #0: stdout all=warning uptime,level,tags foldmultilines=false
 #1: stderr all=off uptime,level,tags foldmultilines=false

Environment Variables:
JAVA_HOME=C:\Program Files\Java\jdk-23
PATH=C:\Program Files\Common Files\Oracle\Java\javapath;C:\Program Files (x86)\Common Files\Oracle\Java\java8path;C:\Program Files (x86)\Common Files\Oracle\Java\javapath;C:\Program Files\Microsoft\jdk-11.0.12.7-hotspot\bin;C:\ProgramData\Oracle\Java\javapath;C:\Windows\system32;C:\Windows;C:\Windows\System32\Wbem;C:\Windows\System32\WindowsPowerShell\v1.0\;C:\Windows\System32\OpenSSH\;C:\Program Files\Microsoft SQL Server\130\Tools\Binn\;C:\Program Files (x86)\IncrediBuild;C:\Program Files (x86)\Visual Leak Detector\bin\Win32;C:\Program Files (x86)\Visual Leak Detector\bin\Win64;C:\Program Files\MySQL\MySQL Server 8.0\bin;C:\Program Files\Git\cmd;C:\Program Files\Java\jdk-23\bin;C:\Users\79961\Downloads\apache-maven\apache-maven-3.9.9\bin;C:\Program Files\Cppcheck;C:\Program Files\PuTTY\;C:\Users\79961\AppData\Local\Microsoft\WindowsApps;C:\Program Files\JetBrains\PyCharm Community Edition 2021.2.2\bin;C:\Program Files\MySQL\MySQL Server 8.0\bin;;C:\Users\79961\AppData\Local\Programs\MiKTeX\miktex\bin\x64\;C:\Users\79961\AppData\Local\Programs\MiKTeX2.0\miktex\bin\x64\;C:\Users\79961\AppData\Local\Programs\Python\Python39\Scripts;C:\Program Files\MySQL\MySQL Server 8.0\bin;;C:\ghcup\bin;C:\Users\79961\AppData\Local\Programs\Microsoft VS Code\bin;%IntelliJ IDEA Community Edition%;C:\Users\79961\AppData\Local\Coursier\data\bin
USERNAME=79961
OS=Windows_NT
PROCESSOR_IDENTIFIER=Intel64 Family 6 Model 140 Stepping 1, GenuineIntel
TMP=C:\Users\79961\AppData\Local\Temp
TEMP=C:\Users\79961\AppData\Local\Temp




Periodic native trim disabled

---------------  S Y S T E M  ---------------

OS:
 Windows 10 , 64 bit Build 19041 (10.0.19041.5678)
OS uptime: 1 days 1:17 hours
Hyper-V role detected

CPU: total 4 (initial active 4) (2 cores per cpu, 2 threads per core) family 6 model 140 stepping 1 microcode 0x66, cx8, cmov, fxsr, ht, mmx, 3dnowpref, sse, sse2, sse3, ssse3, sse4.1, sse4.2, popcnt, lzcnt, tsc, tscinvbit, avx, avx2, aes, erms, clmul, bmi1, bmi2, adx, avx512f, avx512dq, avx512cd, avx512bw, avx512vl, sha, fma, vzeroupper, avx512_vpopcntdq, avx512_vpclmulqdq, avx512_vaes, avx512_vnni, clflush, clflushopt, clwb, avx512_vbmi2, avx512_vbmi, hv, rdtscp, rdpid, fsrm, gfni, avx512_bitalg, f16c, cet_ibt, cet_ss, avx512_ifma
Processor Information for the first 4 processors :
  Max Mhz: 1997, Current Mhz: 1997, Mhz Limit: 1997

Memory: 4k page, system-wide physical 7991M (430M free)
TotalPageFile size 20424M (AvailPageFile size 0M)
current process WorkingSet (physical memory assigned to process): 274M, peak: 445M
current process commit charge ("private bytes"): 531M, peak: 563M

vm_info: Java HotSpot(TM) 64-Bit Server VM (23.0.1+11-39) for windows-amd64 JRE (23.0.1+11-39), built on 2024-09-30T07:20:43Z with MS VC++ 17.6 (VS2022)

END.
